Построение начато 06.06.2013 15:41:57.
Проект "F:\20SPS21\4-Practic\4-Practic.vcxproj" в узле 2 (целевые объекты build).
InitializeBuildStatus:
  Обращение к "Debug\4-Practic.unsuccessfulbuild".
ClCompile:
  C:\Program Files\Microsoft Visual Studio 10.0\VC\bin\CL.exe /c /ZI /nologo /W3 /WX- /Od /Oy- /D WIN32 /D _DEBUG /D _WINDOWS /D _UNICODE /D UNICODE /Gm /EHsc /RTC1 /MDd /GS /fp:precise /Zc:wchar_t /Zc:forScope /Fo"Debug\\" /Fd"Debug\vc100.pdb" /Gd /TP /analyze- /errorReport:prompt main.cpp
  main.cpp
ManifestResourceCompile:
  Для всех выходных данных обновления не требуется.
Link:
  C:\Program Files\Microsoft Visual Studio 10.0\VC\bin\link.exe /ERRORREPORT:PROMPT /OUT:"F:\VisualC\timer\Debug\4-Practic.exe" /INCREMENTAL /NOLOGO kernel32.lib user32.lib gdi32.lib winspool.lib comdlg32.lib advapi32.lib shell32.lib ole32.lib oleaut32.lib uuid.lib odbc32.lib odbccp32.lib /MANIFEST /ManifestFile:"Debug\4-Practic.exe.intermediate.manifest" /MANIFESTUAC:"level='asInvoker' uiAccess='false'" /DEBUG /PDB:"F:\VisualC\timer\Debug\4-Practic.pdb" /SUBSYSTEM:WINDOWS /TLBID:1 /DYNAMICBASE /NXCOMPAT /IMPLIB:"F:\VisualC\timer\Debug\4-Practic.lib" /MACHINE:X86 "Debug\4-Practic.exe.embed.manifest.res"
  Debug\main.obj
Manifest:
  C:\Program Files\Microsoft SDKs\Windows\v7.0A\bin\mt.exe /nologo /verbose /out:"Debug\4-Practic.exe.embed.manifest" /manifest "Debug\4-Practic.exe.intermediate.manifest"
  Для всех выходных данных обновления не требуется.
LinkEmbedManifest:
  Для всех выходных данных обновления не требуется.
  4-Practic.vcxproj -> F:\VisualC\timer\Debug\4-Practic.exe
FinalizeBuildStatus:
  Файл "Debug\4-Practic.unsuccessfulbuild" удаляется.
  Обращение к "Debug\4-Practic.lastbuildstate".
Построение проекта "F:\20SPS21\4-Practic\4-Practic.vcxproj" завершено (целевые объекты build).

Построение успешно завершено.

Затраченное время: 00:00:03.54
