Построение начато 06.07.2013 15:02:03.
Проект "c:\documents and settings\User\мои документы\visual studio 2010\Projects\Hello world\Hello world.vcxproj" в узле 2 (целевые объекты build).
InitializeBuildStatus:
  Обращение к "Debug\Hello world.unsuccessfulbuild".
ClCompile:
  C:\Program Files\Microsoft Visual Studio 10.0\VC\bin\CL.exe /c /ZI /nologo /W3 /WX- /Od /Oy- /D WIN32 /D _DEBUG /D _WINDOWS /D _UNICODE /D UNICODE /Gm /EHsc /RTC1 /MDd /GS /fp:precise /Zc:wchar_t /Zc:forScope /Fo"Debug\\" /Fd"Debug\vc100.pdb" /Gd /TP /analyze- /errorReport:prompt Hello_world.cpp
  Hello_world.cpp
ManifestResourceCompile:
  C:\Program Files\Microsoft SDKs\Windows\v7.0A\bin\rc.exe /nologo /fo"Debug\Hello world.exe.embed.manifest.res" "Debug\Hello world_manifest.rc" 
Link:
  C:\Program Files\Microsoft Visual Studio 10.0\VC\bin\link.exe /ERRORREPORT:PROMPT /OUT:"c:\documents and settings\user\мои документы\visual studio 2010\Projects\Hello world\Debug\Hello world.exe" /INCREMENTAL /NOLOGO kernel32.lib user32.lib gdi32.lib winspool.lib comdlg32.lib advapi32.lib shell32.lib ole32.lib oleaut32.lib uuid.lib odbc32.lib odbccp32.lib /MANIFEST /ManifestFile:"Debug\Hello world.exe.intermediate.manifest" /MANIFESTUAC:"level='asInvoker' uiAccess='false'" /DEBUG /PDB:"c:\documents and settings\user\мои документы\visual studio 2010\Projects\Hello world\Debug\Hello world.pdb" /SUBSYSTEM:WINDOWS /TLBID:1 /DYNAMICBASE /NXCOMPAT /IMPLIB:"c:\documents and settings\user\мои документы\visual studio 2010\Projects\Hello world\Debug\Hello world.lib" /MACHINE:X86 "Debug\Hello world.exe.embed.manifest.res"
  Debug\Hello_world.obj
Manifest:
  C:\Program Files\Microsoft SDKs\Windows\v7.0A\bin\mt.exe /nologo /verbose /out:"Debug\Hello world.exe.embed.manifest" /manifest "Debug\Hello world.exe.intermediate.manifest"
  C:\Program Files\Microsoft SDKs\Windows\v7.0A\bin\rc.exe /nologo /fo"Debug\Hello world.exe.embed.manifest.res" "Debug\Hello world_manifest.rc" 
LinkEmbedManifest:
  C:\Program Files\Microsoft Visual Studio 10.0\VC\bin\link.exe /ERRORREPORT:PROMPT /OUT:"c:\documents and settings\user\мои документы\visual studio 2010\Projects\Hello world\Debug\Hello world.exe" /INCREMENTAL /NOLOGO kernel32.lib user32.lib gdi32.lib winspool.lib comdlg32.lib advapi32.lib shell32.lib ole32.lib oleaut32.lib uuid.lib odbc32.lib odbccp32.lib /MANIFEST /ManifestFile:"Debug\Hello world.exe.intermediate.manifest" /MANIFESTUAC:"level='asInvoker' uiAccess='false'" /DEBUG /PDB:"c:\documents and settings\user\мои документы\visual studio 2010\Projects\Hello world\Debug\Hello world.pdb" /SUBSYSTEM:WINDOWS /TLBID:1 /DYNAMICBASE /NXCOMPAT /IMPLIB:"c:\documents and settings\user\мои документы\visual studio 2010\Projects\Hello world\Debug\Hello world.lib" /MACHINE:X86 "Debug\Hello world.exe.embed.manifest.res"
  Debug\Hello_world.obj
  Hello world.vcxproj -> c:\documents and settings\user\мои документы\visual studio 2010\Projects\Hello world\Debug\Hello world.exe
FinalizeBuildStatus:
  Файл "Debug\Hello world.unsuccessfulbuild" удаляется.
  Обращение к "Debug\Hello world.lastbuildstate".
Построение проекта "c:\documents and settings\User\мои документы\visual studio 2010\Projects\Hello world\Hello world.vcxproj" завершено (целевые объекты build).

Построение успешно завершено.

Затраченное время: 00:00:17.88
