Построение начато 06.06.2013 13:27:19.
Проект "F:\20SPS21\4-EnumChild\4-EnumChild.vcxproj" в узле 2 (целевые объекты build).
InitializeBuildStatus:
  Создание "Debug\4-EnumChild.unsuccessfulbuild", так как было задано "AlwaysCreate".
ClCompile:
  C:\Program Files\Microsoft Visual Studio 10.0\VC\bin\CL.exe /c /ZI /nologo /W3 /WX- /Od /Oy- /D WIN32 /D _DEBUG /D _WINDOWS /D _UNICODE /D UNICODE /Gm /EHsc /RTC1 /MDd /GS /fp:precise /Zc:wchar_t /Zc:forScope /Fo"Debug\\" /Fd"Debug\vc100.pdb" /Gd /TP /analyze- /errorReport:prompt main.cpp
  main.cpp
ManifestResourceCompile:
  C:\Program Files\Microsoft SDKs\Windows\v7.0A\bin\rc.exe /nologo /fo"Debug\4-EnumChild.exe.embed.manifest.res" Debug\4-EnumChild_manifest.rc 
Link:
  C:\Program Files\Microsoft Visual Studio 10.0\VC\bin\link.exe /ERRORREPORT:PROMPT /OUT:"F:\VisualC\timer\Debug\4-EnumChild.exe" /INCREMENTAL /NOLOGO kernel32.lib user32.lib gdi32.lib winspool.lib comdlg32.lib advapi32.lib shell32.lib ole32.lib oleaut32.lib uuid.lib odbc32.lib odbccp32.lib /MANIFEST /ManifestFile:"Debug\4-EnumChild.exe.intermediate.manifest" /MANIFESTUAC:"level='asInvoker' uiAccess='false'" /DEBUG /PDB:"F:\VisualC\timer\Debug\4-EnumChild.pdb" /SUBSYSTEM:WINDOWS /TLBID:1 /DYNAMICBASE /NXCOMPAT /IMPLIB:"F:\VisualC\timer\Debug\4-EnumChild.lib" /MACHINE:X86 "Debug\4-EnumChild.exe.embed.manifest.res"
  Debug\main.obj
Manifest:
  C:\Program Files\Microsoft SDKs\Windows\v7.0A\bin\mt.exe /nologo /verbose /out:"Debug\4-EnumChild.exe.embed.manifest" /manifest "Debug\4-EnumChild.exe.intermediate.manifest"
  C:\Program Files\Microsoft SDKs\Windows\v7.0A\bin\rc.exe /nologo /fo"Debug\4-EnumChild.exe.embed.manifest.res" Debug\4-EnumChild_manifest.rc 
LinkEmbedManifest:
  C:\Program Files\Microsoft Visual Studio 10.0\VC\bin\link.exe /ERRORREPORT:PROMPT /OUT:"F:\VisualC\timer\Debug\4-EnumChild.exe" /INCREMENTAL /NOLOGO kernel32.lib user32.lib gdi32.lib winspool.lib comdlg32.lib advapi32.lib shell32.lib ole32.lib oleaut32.lib uuid.lib odbc32.lib odbccp32.lib /MANIFEST /ManifestFile:"Debug\4-EnumChild.exe.intermediate.manifest" /MANIFESTUAC:"level='asInvoker' uiAccess='false'" /DEBUG /PDB:"F:\VisualC\timer\Debug\4-EnumChild.pdb" /SUBSYSTEM:WINDOWS /TLBID:1 /DYNAMICBASE /NXCOMPAT /IMPLIB:"F:\VisualC\timer\Debug\4-EnumChild.lib" /MACHINE:X86 "Debug\4-EnumChild.exe.embed.manifest.res"
  Debug\main.obj
  4-EnumChild.vcxproj -> F:\VisualC\timer\Debug\4-EnumChild.exe
FinalizeBuildStatus:
  Файл "Debug\4-EnumChild.unsuccessfulbuild" удаляется.
  Обращение к "Debug\4-EnumChild.lastbuildstate".
Построение проекта "F:\20SPS21\4-EnumChild\4-EnumChild.vcxproj" завершено (целевые объекты build).

Построение успешно завершено.

Затраченное время: 00:01:37.20
