This file contains any messages produced by compilers while
running configure, to aid debugging if configure makes a mistake.

It was created by hq_for_jule configure 0.1, which was
generated by GNU Autoconf 2.68.  Invocation command line was

  $ /home/monah1744/Документы/Projects/20SPS21/hq-for-jule/configure --enable-maintainer-mode CFLAGS=-g -O0 CXXFLAGS=-g -O0 JFLAGS=-g -O0 FFLAGS=-g -O0

## --------- ##
## Platform. ##
## --------- ##

hostname = ghost
uname -m = i686
uname -r = 3.2.1-gentoo-r2
uname -s = Linux
uname -v = #1 SMP Thu May 17 11:21:53 EEST 2012

/usr/bin/uname -p = Pentium(R) Dual-Core CPU E5200 @ 2.50GHz
/bin/uname -X     = unknown

/bin/arch              = unknown
/usr/bin/arch -k       = unknown
/usr/convex/getsysinfo = unknown
/usr/bin/hostinfo      = unknown
/bin/machine           = unknown
/usr/bin/oslevel       = unknown
/bin/universe          = unknown

PATH: /usr/lib/ccache/bin
PATH: /usr/lib/distcc/bin
PATH: /usr/local/bin
PATH: /usr/bin
PATH: /bin
PATH: /opt/bin
PATH: /usr/i486-pc-linux-gnu/gcc-bin/4.5.3
PATH: /usr/games/bin


## ----------- ##
## Core tests. ##
## ----------- ##

configure:2273: checking for a BSD-compatible install
configure:2341: result: /usr/bin/install -c
configure:2352: checking whether build environment is sane
configure:2402: result: yes
configure:2543: checking for a thread-safe mkdir -p
configure:2582: result: /bin/mkdir -p
configure:2595: checking for gawk
configure:2611: found /usr/bin/gawk
configure:2622: result: gawk
configure:2633: checking whether make sets $(MAKE)
configure:2655: result: yes
configure:2797: checking for gcc
configure:2813: found /usr/lib/ccache/bin/gcc
configure:2824: result: gcc
configure:3053: checking for C compiler version
configure:3062: gcc --version >&5
gcc (Gentoo 4.5.3-r2 p1.1, pie-0.4.7) 4.5.3
Copyright (C) 2010 Free Software Foundation, Inc.
This is free software; see the source for copying conditions.  There is NO
warranty; not even for MERCHANTABILITY or FITNESS FOR A PARTICULAR PURPOSE.

configure:3073: $? = 0
configure:3062: gcc -v >&5
Using built-in specs.
COLLECT_GCC=/usr/i486-pc-linux-gnu/gcc-bin/4.5.3/gcc
COLLECT_LTO_WRAPPER=/usr/libexec/gcc/i486-pc-linux-gnu/4.5.3/lto-wrapper
Target: i486-pc-linux-gnu
Configured with: /var/tmp/portage/sys-devel/gcc-4.5.3-r2/work/gcc-4.5.3/configure --prefix=/usr --bindir=/usr/i486-pc-linux-gnu/gcc-bin/4.5.3 --includedir=/usr/lib/gcc/i486-pc-linux-gnu/4.5.3/include --datadir=/usr/share/gcc-data/i486-pc-linux-gnu/4.5.3 --mandir=/usr/share/gcc-data/i486-pc-linux-gnu/4.5.3/man --infodir=/usr/share/gcc-data/i486-pc-linux-gnu/4.5.3/info --with-gxx-include-dir=/usr/lib/gcc/i486-pc-linux-gnu/4.5.3/include/g++-v4 --host=i486-pc-linux-gnu --build=i486-pc-linux-gnu --disable-altivec --disable-fixed-point --without-ppl --without-cloog --disable-lto --enable-nls --without-included-gettext --with-system-zlib --disable-werror --enable-secureplt --disable-multilib --enable-libmudflap --disable-libssp --enable-libgomp --with-python-dir=/share/gcc-data/i486-pc-linux-gnu/4.5.3/python --enable-checking=release --disable-libgcj --with-arch=i486 --enable-languages=c,c++,objc,fortran --enable-shared --enable-threads=posix --enable-__cxa_atexit --enable-clocale=gnu --enable-targets=all --with-bugurl=http://bugs.gentoo.org/ --with-pkgversion='Gentoo 4.5.3-r2 p1.1, pie-0.4.7'
Thread model: posix
gcc version 4.5.3 (Gentoo 4.5.3-r2 p1.1, pie-0.4.7) 
configure:3073: $? = 0
configure:3062: gcc -V >&5
gcc: '-V' option must have argument
distcc[11364] ERROR: compile (null) on localhost failed
configure:3073: $? = 1
configure:3062: gcc -qversion >&5
gcc: unrecognized option '-qversion'
gcc: no input files
distcc[11370] ERROR: compile (null) on localhost failed
configure:3073: $? = 1
configure:3093: checking whether the C compiler works
configure:3115: gcc -g -O0   conftest.c  >&5
configure:3119: $? = 0
configure:3167: result: yes
configure:3170: checking for C compiler default output file name
configure:3172: result: a.out
configure:3178: checking for suffix of executables
configure:3185: gcc -o conftest -g -O0   conftest.c  >&5
configure:3189: $? = 0
configure:3211: result: 
configure:3233: checking whether we are cross compiling
configure:3241: gcc -o conftest -g -O0   conftest.c  >&5
configure:3245: $? = 0
configure:3252: ./conftest
configure:3256: $? = 0
configure:3271: result: no
configure:3276: checking for suffix of object files
configure:3298: gcc -c -g -O0  conftest.c >&5
configure:3302: $? = 0
configure:3323: result: o
configure:3327: checking whether we are using the GNU C compiler
configure:3346: gcc -c -g -O0  conftest.c >&5
configure:3346: $? = 0
configure:3355: result: yes
configure:3364: checking whether gcc accepts -g
configure:3384: gcc -c -g  conftest.c >&5
configure:3384: $? = 0
configure:3425: result: yes
configure:3442: checking for gcc option to accept ISO C89
configure:3506: gcc  -c -g -O0  conftest.c >&5
configure:3506: $? = 0
configure:3519: result: none needed
configure:3550: checking for style of include used by make
configure:3578: result: GNU
configure:3603: checking dependency style of gcc
configure:3713: result: gcc3
configure:3733: checking whether NLS is requested
configure:3742: result: yes
configure:3761: checking for intltool >= 0.35.0
configure:3763: result: 0.50.2 found
configure:3771: checking for intltool-update
configure:3789: found /usr/bin/intltool-update
configure:3801: result: /usr/bin/intltool-update
configure:3811: checking for intltool-merge
configure:3829: found /usr/bin/intltool-merge
configure:3841: result: /usr/bin/intltool-merge
configure:3851: checking for intltool-extract
configure:3869: found /usr/bin/intltool-extract
configure:3881: result: /usr/bin/intltool-extract
configure:4035: checking for xgettext
configure:4053: found /usr/bin/xgettext
configure:4065: result: /usr/bin/xgettext
configure:4075: checking for msgmerge
configure:4093: found /usr/bin/msgmerge
configure:4105: result: /usr/bin/msgmerge
configure:4115: checking for msgfmt
configure:4133: found /usr/bin/msgfmt
configure:4145: result: /usr/bin/msgfmt
configure:4155: checking for gmsgfmt
configure:4173: found /usr/bin/gmsgfmt
configure:4186: result: /usr/bin/gmsgfmt
configure:4206: checking for perl
configure:4224: found /usr/bin/perl
configure:4236: result: /usr/bin/perl
configure:4247: checking for perl >= 5.8.1
configure:4254: result: 5.12.4
configure:4258: checking for XML::Parser
configure:4261: result: ok
configure:4286: gcc -o conftest -g -O0   conftest.c  >&5
configure:4286: $? = 0
configure:4326: checking how to run the C preprocessor
configure:4357: gcc -E  conftest.c
configure:4357: $? = 0
configure:4371: gcc -E  conftest.c
conftest.c:12:28: fatal error: ac_nonexistent.h: No such file or directory
compilation terminated.
distcc[11539] ERROR: compile (null) on localhost failed
configure:4371: $? = 1
configure: failed program was:
| /* confdefs.h */
| #define PACKAGE_NAME "hq_for_jule"
| #define PACKAGE_TARNAME "hq_for_jule"
| #define PACKAGE_VERSION "0.1"
| #define PACKAGE_STRING "hq_for_jule 0.1"
| #define PACKAGE_BUGREPORT ""
| #define PACKAGE_URL ""
| #define PACKAGE "hq_for_jule"
| #define VERSION "0.1"
| #define GETTEXT_PACKAGE "hq_for_jule"
| /* end confdefs.h.  */
| #include <ac_nonexistent.h>
configure:4396: result: gcc -E
configure:4416: gcc -E  conftest.c
configure:4416: $? = 0
configure:4430: gcc -E  conftest.c
conftest.c:12:28: fatal error: ac_nonexistent.h: No such file or directory
compilation terminated.
distcc[11555] ERROR: compile (null) on localhost failed
configure:4430: $? = 1
configure: failed program was:
| /* confdefs.h */
| #define PACKAGE_NAME "hq_for_jule"
| #define PACKAGE_TARNAME "hq_for_jule"
| #define PACKAGE_VERSION "0.1"
| #define PACKAGE_STRING "hq_for_jule 0.1"
| #define PACKAGE_BUGREPORT ""
| #define PACKAGE_URL ""
| #define PACKAGE "hq_for_jule"
| #define VERSION "0.1"
| #define GETTEXT_PACKAGE "hq_for_jule"
| /* end confdefs.h.  */
| #include <ac_nonexistent.h>
configure:4459: checking for grep that handles long lines and -e
configure:4517: result: /bin/grep
configure:4522: checking for egrep
configure:4584: result: /bin/grep -E
configure:4589: checking for ANSI C header files
configure:4609: gcc -c -g -O0  conftest.c >&5
configure:4609: $? = 0
configure:4682: gcc -o conftest -g -O0   conftest.c  >&5
configure:4682: $? = 0
configure:4682: ./conftest
configure:4682: $? = 0
configure:4693: result: yes
configure:4706: checking for sys/types.h
configure:4706: gcc -c -g -O0  conftest.c >&5
configure:4706: $? = 0
configure:4706: result: yes
configure:4706: checking for sys/stat.h
configure:4706: gcc -c -g -O0  conftest.c >&5
configure:4706: $? = 0
configure:4706: result: yes
configure:4706: checking for stdlib.h
configure:4706: gcc -c -g -O0  conftest.c >&5
configure:4706: $? = 0
configure:4706: result: yes
configure:4706: checking for string.h
configure:4706: gcc -c -g -O0  conftest.c >&5
configure:4706: $? = 0
configure:4706: result: yes
configure:4706: checking for memory.h
configure:4706: gcc -c -g -O0  conftest.c >&5
configure:4706: $? = 0
configure:4706: result: yes
configure:4706: checking for strings.h
configure:4706: gcc -c -g -O0  conftest.c >&5
configure:4706: $? = 0
configure:4706: result: yes
configure:4706: checking for inttypes.h
configure:4706: gcc -c -g -O0  conftest.c >&5
configure:4706: $? = 0
configure:4706: result: yes
configure:4706: checking for stdint.h
configure:4706: gcc -c -g -O0  conftest.c >&5
configure:4706: $? = 0
configure:4706: result: yes
configure:4706: checking for unistd.h
configure:4706: gcc -c -g -O0  conftest.c >&5
configure:4706: $? = 0
configure:4706: result: yes
configure:4721: checking locale.h usability
configure:4721: gcc -c -g -O0  conftest.c >&5
configure:4721: $? = 0
configure:4721: result: yes
configure:4721: checking locale.h presence
configure:4721: gcc -E  conftest.c
configure:4721: $? = 0
configure:4721: result: yes
configure:4721: checking for locale.h
configure:4721: result: yes
configure:4732: checking for LC_MESSAGES
configure:4748: gcc -o conftest -g -O0   conftest.c  >&5
configure:4748: $? = 0
configure:4756: result: yes
configure:4773: checking libintl.h usability
configure:4773: gcc -c -g -O0  conftest.c >&5
configure:4773: $? = 0
configure:4773: result: yes
configure:4773: checking libintl.h presence
configure:4773: gcc -E  conftest.c
configure:4773: $? = 0
configure:4773: result: yes
configure:4773: checking for libintl.h
configure:4773: result: yes
configure:4781: checking for ngettext in libc
configure:4799: gcc -o conftest -g -O0   conftest.c  >&5
configure:4799: $? = 0
configure:4808: result: yes
configure:4812: checking for dgettext in libc
configure:4830: gcc -o conftest -g -O0   conftest.c  >&5
configure:4830: $? = 0
configure:4839: result: yes
configure:4846: checking for bind_textdomain_codeset
configure:4846: gcc -o conftest -g -O0   conftest.c  >&5
configure:4846: $? = 0
configure:4846: result: yes
configure:5122: checking for msgfmt
configure:5149: result: /usr/bin/msgfmt
configure:5160: checking for dcgettext
configure:5160: gcc -o conftest -g -O0   conftest.c   >&5
conftest.c:49:6: warning: conflicting types for built-in function 'dcgettext'
configure:5160: $? = 0
configure:5160: result: yes
configure:5170: checking if msgfmt accepts -c
configure:5185: $MSGFMT -c -o /dev/null conftest.foo
configure:5188: $? = 0
configure:5190: result: yes
configure:5200: checking for gmsgfmt
configure:5231: result: /usr/bin/gmsgfmt
configure:5241: checking for xgettext
configure:5268: result: /usr/bin/xgettext
configure:5287: gcc -o conftest -g -O0   conftest.c   >&5
configure:5287: $? = 0
configure:5458: checking build system type
configure:5472: result: i686-pc-linux-gnu
configure:5492: checking host system type
configure:5505: result: i686-pc-linux-gnu
configure:5546: checking how to print strings
configure:5573: result: printf
configure:5594: checking for a sed that does not truncate output
configure:5658: result: /bin/sed
configure:5676: checking for fgrep
configure:5738: result: /bin/grep -F
configure:5773: checking for ld used by gcc
configure:5840: result: /usr/i486-pc-linux-gnu/bin/ld
configure:5847: checking if the linker (/usr/i486-pc-linux-gnu/bin/ld) is GNU ld
configure:5862: result: yes
configure:5874: checking for BSD- or MS-compatible name lister (nm)
configure:5923: result: /usr/bin/nm -B
configure:6053: checking the name lister (/usr/bin/nm -B) interface
configure:6060: gcc -c -g -O0  conftest.c >&5
configure:6063: /usr/bin/nm -B "conftest.o"
configure:6066: output
00000000 B some_variable
configure:6073: result: BSD nm
configure:6076: checking whether ln -s works
configure:6080: result: yes
configure:6088: checking the maximum length of command line arguments
configure:6213: result: 1572864
configure:6230: checking whether the shell understands some XSI constructs
configure:6240: result: yes
configure:6244: checking whether the shell understands "+="
configure:6250: result: yes
configure:6285: checking how to convert i686-pc-linux-gnu file names to i686-pc-linux-gnu format
configure:6325: result: func_convert_file_noop
configure:6332: checking how to convert i686-pc-linux-gnu file names to toolchain format
configure:6352: result: func_convert_file_noop
configure:6359: checking for /usr/i486-pc-linux-gnu/bin/ld option to reload object files
configure:6366: result: -r
configure:6440: checking for objdump
configure:6456: found /usr/bin/objdump
configure:6467: result: objdump
configure:6499: checking how to recognize dependent libraries
configure:6701: result: pass_all
configure:6786: checking for dlltool
configure:6816: result: no
configure:6846: checking how to associate runtime and link libraries
configure:6873: result: printf %s\n
configure:6933: checking for ar
configure:6949: found /usr/bin/ar
configure:6960: result: ar
configure:6997: checking for archiver @FILE support
configure:7014: gcc -c -g -O0  conftest.c >&5
configure:7014: $? = 0
configure:7017: ar cru libconftest.a @conftest.lst >&5
configure:7020: $? = 0
configure:7025: ar cru libconftest.a @conftest.lst >&5
ar: conftest.o: No such file or directory
configure:7028: $? = 1
configure:7040: result: @
configure:7098: checking for strip
configure:7114: found /usr/bin/strip
configure:7125: result: strip
configure:7197: checking for ranlib
configure:7213: found /usr/bin/ranlib
configure:7224: result: ranlib
configure:7326: checking command to parse /usr/bin/nm -B output from gcc object
configure:7445: gcc -c -g -O0  conftest.c >&5
configure:7448: $? = 0
configure:7452: /usr/bin/nm -B conftest.o \| sed -n -e 's/^.*[ ]\([ABCDGIRSTW][ABCDGIRSTW]*\)[ ][ ]*\([_A-Za-z][_A-Za-z0-9]*\)$/\1 \2 \2/p' | sed '/ __gnu_lto/d' \> conftest.nm
configure:7455: $? = 0
configure:7521: gcc -o conftest -g -O0   conftest.c conftstm.o >&5
configure:7524: $? = 0
configure:7562: result: ok
configure:7599: checking for sysroot
configure:7629: result: no
configure:7872: checking for mt
configure:7902: result: no
configure:7922: checking if : is a manifest tool
configure:7928: : '-?'
configure:7936: result: no
configure:8565: checking for dlfcn.h
configure:8565: gcc -c -g -O0  conftest.c >&5
configure:8565: $? = 0
configure:8565: result: yes
configure:8752: checking for objdir
configure:8767: result: .libs
configure:9034: checking if gcc supports -fno-rtti -fno-exceptions
configure:9052: gcc -c -g -O0  -fno-rtti -fno-exceptions conftest.c >&5
cc1: warning: command line option "-fno-rtti" is valid for C++/ObjC++ but not for C
cc1: warning: command line option "-fno-rtti" is valid for C++/ObjC++ but not for C
configure:9056: $? = 0
configure:9069: result: no
configure:9379: checking for gcc option to produce PIC
configure:9386: result: -fPIC -DPIC
configure:9394: checking if gcc PIC flag -fPIC -DPIC works
configure:9412: gcc -c -g -O0  -fPIC -DPIC -DPIC conftest.c >&5
configure:9416: $? = 0
configure:9429: result: yes
configure:9458: checking if gcc static flag -static works
configure:9486: result: yes
configure:9501: checking if gcc supports -c -o file.o
configure:9522: gcc -c -g -O0  -o out/conftest2.o conftest.c >&5
configure:9526: $? = 0
configure:9548: result: yes
configure:9556: checking if gcc supports -c -o file.o
configure:9603: result: yes
configure:9636: checking whether the gcc linker (/usr/i486-pc-linux-gnu/bin/ld) supports shared libraries
configure:10794: result: yes
configure:10831: checking whether -lc should be explicitly linked in
configure:10839: gcc -c -g -O0  conftest.c >&5
configure:10842: $? = 0
configure:10857: gcc -shared  -fPIC -DPIC conftest.o  -v -Wl,-soname -Wl,conftest -o conftest 2\>\&1 \| /bin/grep  -lc  \>/dev/null 2\>\&1
configure:10860: $? = 0
configure:10874: result: no
configure:11039: checking dynamic linker characteristics
configure:11566: gcc -o conftest -g -O0   -Wl,-rpath -Wl,/foo conftest.c  >&5
configure:11566: $? = 0
configure:11788: result: GNU/Linux ld.so
configure:11895: checking how to hardcode library paths into programs
configure:11920: result: immediate
configure:12460: checking whether stripping libraries is possible
configure:12465: result: yes
configure:12500: checking if libtool supports shared libraries
configure:12502: result: yes
configure:12505: checking whether to build shared libraries
configure:12526: result: yes
configure:12529: checking whether to build static libraries
configure:12533: result: yes
configure:12710: creating ./config.status

## ---------------------- ##
## Running config.status. ##
## ---------------------- ##

This file was extended by hq_for_jule config.status 0.1, which was
generated by GNU Autoconf 2.68.  Invocation command line was

  CONFIG_FILES    = 
  CONFIG_HEADERS  = 
  CONFIG_LINKS    = 
  CONFIG_COMMANDS = 
  $ ./config.status 

on ghost

config.status:1168: creating Makefile
config.status:1168: creating src/Makefile
config.status:1168: creating po/Makefile.in
config.status:1168: creating config.h
config.status:1382: executing depfiles commands
config.status:1382: executing default-1 commands
config.status:1382: executing libtool commands
config.status:1382: executing po/stamp-it commands
configure:14973: WARNING: unrecognized options: --enable-maintainer-mode

## ---------------- ##
## Cache variables. ##
## ---------------- ##

ac_cv_build=i686-pc-linux-gnu
ac_cv_c_compiler_gnu=yes
ac_cv_env_CC_set=
ac_cv_env_CC_value=
ac_cv_env_CFLAGS_set=set
ac_cv_env_CFLAGS_value='-g -O0'
ac_cv_env_CPPFLAGS_set=
ac_cv_env_CPPFLAGS_value=
ac_cv_env_CPP_set=
ac_cv_env_CPP_value=
ac_cv_env_LDFLAGS_set=
ac_cv_env_LDFLAGS_value=
ac_cv_env_LIBS_set=
ac_cv_env_LIBS_value=
ac_cv_env_build_alias_set=
ac_cv_env_build_alias_value=
ac_cv_env_host_alias_set=
ac_cv_env_host_alias_value=
ac_cv_env_target_alias_set=
ac_cv_env_target_alias_value=
ac_cv_func_bind_textdomain_codeset=yes
ac_cv_func_dcgettext=yes
ac_cv_header_dlfcn_h=yes
ac_cv_header_inttypes_h=yes
ac_cv_header_libintl_h=yes
ac_cv_header_locale_h=yes
ac_cv_header_memory_h=yes
ac_cv_header_stdc=yes
ac_cv_header_stdint_h=yes
ac_cv_header_stdlib_h=yes
ac_cv_header_string_h=yes
ac_cv_header_strings_h=yes
ac_cv_header_sys_stat_h=yes
ac_cv_header_sys_types_h=yes
ac_cv_header_unistd_h=yes
ac_cv_host=i686-pc-linux-gnu
ac_cv_objext=o
ac_cv_path_EGREP='/bin/grep -E'
ac_cv_path_FGREP='/bin/grep -F'
ac_cv_path_GMSGFMT=/usr/bin/gmsgfmt
ac_cv_path_GREP=/bin/grep
ac_cv_path_INTLTOOL_EXTRACT=/usr/bin/intltool-extract
ac_cv_path_INTLTOOL_MERGE=/usr/bin/intltool-merge
ac_cv_path_INTLTOOL_PERL=/usr/bin/perl
ac_cv_path_INTLTOOL_UPDATE=/usr/bin/intltool-update
ac_cv_path_MSGFMT=/usr/bin/msgfmt
ac_cv_path_MSGMERGE=/usr/bin/msgmerge
ac_cv_path_SED=/bin/sed
ac_cv_path_XGETTEXT=/usr/bin/xgettext
ac_cv_path_install='/usr/bin/install -c'
ac_cv_path_mkdir=/bin/mkdir
ac_cv_prog_AWK=gawk
ac_cv_prog_CPP='gcc -E'
ac_cv_prog_ac_ct_AR=ar
ac_cv_prog_ac_ct_CC=gcc
ac_cv_prog_ac_ct_OBJDUMP=objdump
ac_cv_prog_ac_ct_RANLIB=ranlib
ac_cv_prog_ac_ct_STRIP=strip
ac_cv_prog_cc_c89=
ac_cv_prog_cc_g=yes
ac_cv_prog_make_make_set=yes
am_cv_CC_dependencies_compiler_type=gcc3
am_cv_val_LC_MESSAGES=yes
gt_cv_func_dgettext_libc=yes
gt_cv_func_dgettext_libintl=no
gt_cv_func_ngettext_libc=yes
gt_cv_have_gettext=yes
lt_cv_ar_at_file=@
lt_cv_archive_cmds_need_lc=no
lt_cv_deplibs_check_method=pass_all
lt_cv_file_magic_cmd='$MAGIC_CMD'
lt_cv_file_magic_test_file=
lt_cv_ld_reload_flag=-r
lt_cv_nm_interface='BSD nm'
lt_cv_objdir=.libs
lt_cv_path_LD=/usr/i486-pc-linux-gnu/bin/ld
lt_cv_path_NM='/usr/bin/nm -B'
lt_cv_path_mainfest_tool=no
lt_cv_prog_compiler_c_o=yes
lt_cv_prog_compiler_pic='-fPIC -DPIC'
lt_cv_prog_compiler_pic_works=yes
lt_cv_prog_compiler_rtti_exceptions=no
lt_cv_prog_compiler_static_works=yes
lt_cv_prog_gnu_ld=yes
lt_cv_sharedlib_from_linklib_cmd='printf %s\n'
lt_cv_shlibpath_overrides_runpath=yes
lt_cv_sys_global_symbol_pipe='sed -n -e '\''s/^.*[	 ]\([ABCDGIRSTW][ABCDGIRSTW]*\)[	 ][	 ]*\([_A-Za-z][_A-Za-z0-9]*\)$/\1 \2 \2/p'\'' | sed '\''/ __gnu_lto/d'\'''
lt_cv_sys_global_symbol_to_c_name_address='sed -n -e '\''s/^: \([^ ]*\)[ ]*$/  {\"\1\", (void *) 0},/p'\'' -e '\''s/^[ABCDGIRSTW]* \([^ ]*\) \([^ ]*\)$/  {"\2", (void *) \&\2},/p'\'''
lt_cv_sys_global_symbol_to_c_name_address_lib_prefix='sed -n -e '\''s/^: \([^ ]*\)[ ]*$/  {\"\1\", (void *) 0},/p'\'' -e '\''s/^[ABCDGIRSTW]* \([^ ]*\) \(lib[^ ]*\)$/  {"\2", (void *) \&\2},/p'\'' -e '\''s/^[ABCDGIRSTW]* \([^ ]*\) \([^ ]*\)$/  {"lib\2", (void *) \&\2},/p'\'''
lt_cv_sys_global_symbol_to_cdecl='sed -n -e '\''s/^T .* \(.*\)$/extern int \1();/p'\'' -e '\''s/^[ABCDGIRSTW]* .* \(.*\)$/extern char \1;/p'\'''
lt_cv_sys_max_cmd_len=1572864
lt_cv_to_host_file_cmd=func_convert_file_noop
lt_cv_to_tool_file_cmd=func_convert_file_noop

## ----------------- ##
## Output variables. ##
## ----------------- ##

ACLOCAL='${SHELL} /home/monah1744/Документы/Projects/20SPS21/hq-for-jule/missing --run aclocal-1.11'
ALL_LINGUAS=''
AMDEPBACKSLASH='\'
AMDEP_FALSE='#'
AMDEP_TRUE=''
AMTAR='${SHELL} /home/monah1744/Документы/Projects/20SPS21/hq-for-jule/missing --run tar'
AM_BACKSLASH='\'
AM_DEFAULT_VERBOSITY='0'
AR='ar'
AUTOCONF='${SHELL} /home/monah1744/Документы/Projects/20SPS21/hq-for-jule/missing --run autoconf'
AUTOHEADER='${SHELL} /home/monah1744/Документы/Projects/20SPS21/hq-for-jule/missing --run autoheader'
AUTOMAKE='${SHELL} /home/monah1744/Документы/Projects/20SPS21/hq-for-jule/missing --run automake-1.11'
AWK='gawk'
CATALOGS=''
CATOBJEXT='.gmo'
CC='gcc'
CCDEPMODE='depmode=gcc3'
CFLAGS='-g -O0'
CPP='gcc -E'
CPPFLAGS=''
CYGPATH_W='echo'
DATADIRNAME='share'
DEFS='-DHAVE_CONFIG_H'
DEPDIR='.deps'
DLLTOOL='false'
DSYMUTIL=''
DUMPBIN=''
ECHO_C=''
ECHO_N='-n'
ECHO_T=''
EGREP='/bin/grep -E'
EXEEXT=''
FGREP='/bin/grep -F'
GETTEXT_PACKAGE='hq_for_jule'
GMOFILES=''
GMSGFMT='/usr/bin/gmsgfmt'
GREP='/bin/grep'
INSTALL_DATA='${INSTALL} -m 644'
INSTALL_PROGRAM='${INSTALL}'
INSTALL_SCRIPT='${INSTALL}'
INSTALL_STRIP_PROGRAM='$(install_sh) -c -s'
INSTOBJEXT='.mo'
INTLLIBS=''
INTLTOOL_CAVES_RULE='%.caves:     %.caves.in     $(INTLTOOL_MERGE) $(wildcard $(top_srcdir)/po/*.po) ; $(INTLTOOL_V_MERGE)LC_ALL=C $(INTLTOOL_MERGE) $(INTLTOOL_V_MERGE_OPTIONS) -d -u -c $(top_builddir)/po/.intltool-merge-cache $(top_srcdir)/po $< $@'
INTLTOOL_DESKTOP_RULE='%.desktop:   %.desktop.in   $(INTLTOOL_MERGE) $(wildcard $(top_srcdir)/po/*.po) ; $(INTLTOOL_V_MERGE)LC_ALL=C $(INTLTOOL_MERGE) $(INTLTOOL_V_MERGE_OPTIONS) -d -u -c $(top_builddir)/po/.intltool-merge-cache $(top_srcdir)/po $< $@'
INTLTOOL_DIRECTORY_RULE='%.directory: %.directory.in $(INTLTOOL_MERGE) $(wildcard $(top_srcdir)/po/*.po) ; $(INTLTOOL_V_MERGE)LC_ALL=C $(INTLTOOL_MERGE) $(INTLTOOL_V_MERGE_OPTIONS) -d -u -c $(top_builddir)/po/.intltool-merge-cache $(top_srcdir)/po $< $@'
INTLTOOL_EXTRACT='/usr/bin/intltool-extract'
INTLTOOL_KBD_RULE='%.kbd:       %.kbd.in       $(INTLTOOL_MERGE) $(wildcard $(top_srcdir)/po/*.po) ; $(INTLTOOL_V_MERGE)LC_ALL=C $(INTLTOOL_MERGE) $(INTLTOOL_V_MERGE_OPTIONS) -x -u -m -c $(top_builddir)/po/.intltool-merge-cache $(top_srcdir)/po $< $@'
INTLTOOL_KEYS_RULE='%.keys:      %.keys.in      $(INTLTOOL_MERGE) $(wildcard $(top_srcdir)/po/*.po) ; $(INTLTOOL_V_MERGE)LC_ALL=C $(INTLTOOL_MERGE) $(INTLTOOL_V_MERGE_OPTIONS) -k -u -c $(top_builddir)/po/.intltool-merge-cache $(top_srcdir)/po $< $@'
INTLTOOL_MERGE='/usr/bin/intltool-merge'
INTLTOOL_OAF_RULE='%.oaf:       %.oaf.in       $(INTLTOOL_MERGE) $(wildcard $(top_srcdir)/po/*.po) ; $(INTLTOOL_V_MERGE)LC_ALL=C $(INTLTOOL_MERGE) $(INTLTOOL_V_MERGE_OPTIONS) -o -p $(top_srcdir)/po $< $@'
INTLTOOL_PERL='/usr/bin/perl'
INTLTOOL_POLICY_RULE='%.policy:    %.policy.in    $(INTLTOOL_MERGE) $(wildcard $(top_srcdir)/po/*.po) ; $(INTLTOOL_V_MERGE)LC_ALL=C $(INTLTOOL_MERGE) $(INTLTOOL_V_MERGE_OPTIONS) -x -u -c $(top_builddir)/po/.intltool-merge-cache $(top_srcdir)/po $< $@'
INTLTOOL_PONG_RULE='%.pong:      %.pong.in      $(INTLTOOL_MERGE) $(wildcard $(top_srcdir)/po/*.po) ; $(INTLTOOL_V_MERGE)LC_ALL=C $(INTLTOOL_MERGE) $(INTLTOOL_V_MERGE_OPTIONS) -x -u -c $(top_builddir)/po/.intltool-merge-cache $(top_srcdir)/po $< $@'
INTLTOOL_PROP_RULE='%.prop:      %.prop.in      $(INTLTOOL_MERGE) $(wildcard $(top_srcdir)/po/*.po) ; $(INTLTOOL_V_MERGE)LC_ALL=C $(INTLTOOL_MERGE) $(INTLTOOL_V_MERGE_OPTIONS) -d -u -c $(top_builddir)/po/.intltool-merge-cache $(top_srcdir)/po $< $@'
INTLTOOL_SCHEMAS_RULE='%.schemas:   %.schemas.in   $(INTLTOOL_MERGE) $(wildcard $(top_srcdir)/po/*.po) ; $(INTLTOOL_V_MERGE)LC_ALL=C $(INTLTOOL_MERGE) $(INTLTOOL_V_MERGE_OPTIONS) -s -u -c $(top_builddir)/po/.intltool-merge-cache $(top_srcdir)/po $< $@'
INTLTOOL_SERVER_RULE='%.server:    %.server.in    $(INTLTOOL_MERGE) $(wildcard $(top_srcdir)/po/*.po) ; $(INTLTOOL_V_MERGE)LC_ALL=C $(INTLTOOL_MERGE) $(INTLTOOL_V_MERGE_OPTIONS) -o -u -c $(top_builddir)/po/.intltool-merge-cache $(top_srcdir)/po $< $@'
INTLTOOL_SERVICE_RULE='%.service: %.service.in   $(INTLTOOL_MERGE) $(wildcard $(top_srcdir)/po/*.po) ; $(INTLTOOL_V_MERGE)LC_ALL=C $(INTLTOOL_MERGE) $(INTLTOOL_V_MERGE_OPTIONS) -d -u -c $(top_builddir)/po/.intltool-merge-cache $(top_srcdir)/po $< $@'
INTLTOOL_SHEET_RULE='%.sheet:     %.sheet.in     $(INTLTOOL_MERGE) $(wildcard $(top_srcdir)/po/*.po) ; $(INTLTOOL_V_MERGE)LC_ALL=C $(INTLTOOL_MERGE) $(INTLTOOL_V_MERGE_OPTIONS) -x -u -c $(top_builddir)/po/.intltool-merge-cache $(top_srcdir)/po $< $@'
INTLTOOL_SOUNDLIST_RULE='%.soundlist: %.soundlist.in $(INTLTOOL_MERGE) $(wildcard $(top_srcdir)/po/*.po) ; $(INTLTOOL_V_MERGE)LC_ALL=C $(INTLTOOL_MERGE) $(INTLTOOL_V_MERGE_OPTIONS) -d -u -c $(top_builddir)/po/.intltool-merge-cache $(top_srcdir)/po $< $@'
INTLTOOL_THEME_RULE='%.theme:     %.theme.in     $(INTLTOOL_MERGE) $(wildcard $(top_srcdir)/po/*.po) ; $(INTLTOOL_V_MERGE)LC_ALL=C $(INTLTOOL_MERGE) $(INTLTOOL_V_MERGE_OPTIONS) -d -u -c $(top_builddir)/po/.intltool-merge-cache $(top_srcdir)/po $< $@'
INTLTOOL_UI_RULE='%.ui:        %.ui.in        $(INTLTOOL_MERGE) $(wildcard $(top_srcdir)/po/*.po) ; $(INTLTOOL_V_MERGE)LC_ALL=C $(INTLTOOL_MERGE) $(INTLTOOL_V_MERGE_OPTIONS) -x -u -c $(top_builddir)/po/.intltool-merge-cache $(top_srcdir)/po $< $@'
INTLTOOL_UPDATE='/usr/bin/intltool-update'
INTLTOOL_V_MERGE='$(INTLTOOL__v_MERGE_$(V))'
INTLTOOL_V_MERGE_OPTIONS='$(intltool__v_merge_options_$(V))'
INTLTOOL_XAM_RULE='%.xam:       %.xml.in       $(INTLTOOL_MERGE) $(wildcard $(top_srcdir)/po/*.po) ; $(INTLTOOL_V_MERGE)LC_ALL=C $(INTLTOOL_MERGE) $(INTLTOOL_V_MERGE_OPTIONS) -x -u -c $(top_builddir)/po/.intltool-merge-cache $(top_srcdir)/po $< $@'
INTLTOOL_XML_NOMERGE_RULE='%.xml:       %.xml.in       $(INTLTOOL_MERGE) ; $(INTLTOOL_V_MERGE)LC_ALL=C $(INTLTOOL_MERGE) $(INTLTOOL_V_MERGE_OPTIONS) -x -u --no-translations $< $@'
INTLTOOL_XML_RULE='%.xml:       %.xml.in       $(INTLTOOL_MERGE) $(wildcard $(top_srcdir)/po/*.po) ; $(INTLTOOL_V_MERGE)LC_ALL=C $(INTLTOOL_MERGE) $(INTLTOOL_V_MERGE_OPTIONS) -x -u -c $(top_builddir)/po/.intltool-merge-cache $(top_srcdir)/po $< $@'
INTLTOOL__v_MERGE_0='@echo "  ITMRG " $@;'
INTLTOOL__v_MERGE_='$(INTLTOOL__v_MERGE_$(AM_DEFAULT_VERBOSITY))'
LD='/usr/i486-pc-linux-gnu/bin/ld'
LDFLAGS=''
LIBOBJS=''
LIBS=''
LIBTOOL='$(SHELL) $(top_builddir)/libtool'
LIPO=''
LN_S='ln -s'
LTLIBOBJS=''
MAKEINFO='${SHELL} /home/monah1744/Документы/Projects/20SPS21/hq-for-jule/missing --run makeinfo'
MANIFEST_TOOL=':'
MKDIR_P='/bin/mkdir -p'
MKINSTALLDIRS='/home/monah1744/Документы/Projects/20SPS21/hq-for-jule/mkinstalldirs'
MSGFMT='/usr/bin/msgfmt'
MSGFMT_OPTS='-c'
MSGMERGE='/usr/bin/msgmerge'
NM='/usr/bin/nm -B'
NMEDIT=''
OBJDUMP='objdump'
OBJEXT='o'
OTOOL64=''
OTOOL=''
PACKAGE='hq_for_jule'
PACKAGE_BUGREPORT=''
PACKAGE_NAME='hq_for_jule'
PACKAGE_STRING='hq_for_jule 0.1'
PACKAGE_TARNAME='hq_for_jule'
PACKAGE_URL=''
PACKAGE_VERSION='0.1'
PATH_SEPARATOR=':'
POFILES=''
POSUB='po'
PO_IN_DATADIR_FALSE=''
PO_IN_DATADIR_TRUE=''
RANLIB='ranlib'
SED='/bin/sed'
SET_MAKE=''
SHELL='/bin/sh'
STRIP='strip'
USE_NLS='yes'
VERSION='0.1'
XGETTEXT='/usr/bin/xgettext'
ac_ct_AR='ar'
ac_ct_CC='gcc'
ac_ct_DUMPBIN=''
am__EXEEXT_FALSE=''
am__EXEEXT_TRUE='#'
am__fastdepCC_FALSE='#'
am__fastdepCC_TRUE=''
am__include='include'
am__isrc=' -I$(srcdir)'
am__leading_dot='.'
am__quote=''
am__tar='${AMTAR} chof - "$$tardir"'
am__untar='${AMTAR} xf -'
bindir='${exec_prefix}/bin'
build='i686-pc-linux-gnu'
build_alias=''
build_cpu='i686'
build_os='linux-gnu'
build_vendor='pc'
datadir='${datarootdir}'
datarootdir='${prefix}/share'
docdir='${datarootdir}/doc/${PACKAGE_TARNAME}'
dvidir='${docdir}'
exec_prefix='${prefix}'
host='i686-pc-linux-gnu'
host_alias=''
host_cpu='i686'
host_os='linux-gnu'
host_vendor='pc'
htmldir='${docdir}'
includedir='${prefix}/include'
infodir='${datarootdir}/info'
install_sh='${SHELL} /home/monah1744/Документы/Projects/20SPS21/hq-for-jule/install-sh'
intltool__v_merge_options_0='-q'
intltool__v_merge_options_='$(intltool__v_merge_options_$(AM_DEFAULT_VERBOSITY))'
libdir='${exec_prefix}/lib'
libexecdir='${exec_prefix}/libexec'
localedir='${datarootdir}/locale'
localstatedir='${prefix}/var'
mandir='${datarootdir}/man'
mkdir_p='/bin/mkdir -p'
oldincludedir='/usr/include'
pdfdir='${docdir}'
prefix='/usr/local'
program_transform_name='s,x,x,'
psdir='${docdir}'
sbindir='${exec_prefix}/sbin'
sharedstatedir='${prefix}/com'
sysconfdir='${prefix}/etc'
target_alias=''

## ----------- ##
## confdefs.h. ##
## ----------- ##

/* confdefs.h */
#define PACKAGE_NAME "hq_for_jule"
#define PACKAGE_TARNAME "hq_for_jule"
#define PACKAGE_VERSION "0.1"
#define PACKAGE_STRING "hq_for_jule 0.1"
#define PACKAGE_BUGREPORT ""
#define PACKAGE_URL ""
#define PACKAGE "hq_for_jule"
#define VERSION "0.1"
#define GETTEXT_PACKAGE "hq_for_jule"
#define STDC_HEADERS 1
#define HAVE_SYS_TYPES_H 1
#define HAVE_SYS_STAT_H 1
#define HAVE_STDLIB_H 1
#define HAVE_STRING_H 1
#define HAVE_MEMORY_H 1
#define HAVE_STRINGS_H 1
#define HAVE_INTTYPES_H 1
#define HAVE_STDINT_H 1
#define HAVE_UNISTD_H 1
#define HAVE_LOCALE_H 1
#define HAVE_LC_MESSAGES 1
#define HAVE_BIND_TEXTDOMAIN_CODESET 1
#define HAVE_GETTEXT 1
#define HAVE_DCGETTEXT 1
#define ENABLE_NLS 1
#define HAVE_DLFCN_H 1
#define LT_OBJDIR ".libs/"

configure: exit 0
