Построение начато 06.07.2013 16:21:34.
Проект "c:\documents and settings\User\мои документы\visual studio 2010\Projects\Hello1\Hello1.vcxproj" в узле 2 (целевые объекты build).
InitializeBuildStatus:
  Создание "Debug\Hello1.unsuccessfulbuild", так как было задано "AlwaysCreate".
ClCompile:
  C:\Program Files\Microsoft Visual Studio 10.0\VC\bin\CL.exe /c /ZI /nologo /W3 /WX- /Od /Oy- /D WIN32 /D _DEBUG /D _WINDOWS /D _UNICODE /D UNICODE /Gm /EHsc /RTC1 /MDd /GS /fp:precise /Zc:wchar_t /Zc:forScope /Fo"Debug\\" /Fd"Debug\vc100.pdb" /Gd /TP /analyze- /errorReport:prompt Hello1.cpp
  Hello1.cpp
ManifestResourceCompile:
  Для всех выходных данных обновления не требуется.
Link:
  C:\Program Files\Microsoft Visual Studio 10.0\VC\bin\link.exe /ERRORREPORT:PROMPT /OUT:"c:\documents and settings\user\мои документы\visual studio 2010\Projects\Hello world\Debug\Hello1.exe" /INCREMENTAL /NOLOGO kernel32.lib user32.lib gdi32.lib winspool.lib comdlg32.lib advapi32.lib shell32.lib ole32.lib oleaut32.lib uuid.lib odbc32.lib odbccp32.lib /MANIFEST /ManifestFile:"Debug\Hello1.exe.intermediate.manifest" /MANIFESTUAC:"level='asInvoker' uiAccess='false'" /DEBUG /PDB:"c:\documents and settings\user\мои документы\visual studio 2010\Projects\Hello world\Debug\Hello1.pdb" /SUBSYSTEM:WINDOWS /TLBID:1 /DYNAMICBASE /NXCOMPAT /IMPLIB:"c:\documents and settings\user\мои документы\visual studio 2010\Projects\Hello world\Debug\Hello1.lib" /MACHINE:X86 Debug\Hello1.exe.embed.manifest.res
  Debug\Hello1.obj
Manifest:
  C:\Program Files\Microsoft SDKs\Windows\v7.0A\bin\mt.exe /nologo /verbose /out:"Debug\Hello1.exe.embed.manifest" /manifest Debug\Hello1.exe.intermediate.manifest
  Для всех выходных данных обновления не требуется.
LinkEmbedManifest:
  Для всех выходных данных обновления не требуется.
  Hello1.vcxproj -> c:\documents and settings\user\мои документы\visual studio 2010\Projects\Hello world\Debug\Hello1.exe
FinalizeBuildStatus:
  Файл "Debug\Hello1.unsuccessfulbuild" удаляется.
  Обращение к "Debug\Hello1.lastbuildstate".
Построение проекта "c:\documents and settings\User\мои документы\visual studio 2010\Projects\Hello1\Hello1.vcxproj" завершено (целевые объекты build).

Построение успешно завершено.

Затраченное время: 00:00:18.64
