Построение начато 06.07.2013 20:36:00.
Проект "c:\documents and settings\User\мои документы\visual studio 2010\Projects\Hello world\Hello2\Hello2.vcxproj" в узле 2 (целевые объекты build).
InitializeBuildStatus:
  Обращение к "Debug\Hello2.unsuccessfulbuild".
ClCompile:
  C:\Program Files\Microsoft Visual Studio 10.0\VC\bin\CL.exe /c /ZI /nologo /W3 /WX- /Od /Oy- /D WIN32 /D _DEBUG /D _WINDOWS /D _UNICODE /D UNICODE /Gm /EHsc /RTC1 /MDd /GS /fp:precise /Zc:wchar_t /Zc:forScope /Fo"Debug\\" /Fd"Debug\vc100.pdb" /Gd /TP /analyze- /errorReport:prompt Hello2.cpp
  Hello2.cpp
ManifestResourceCompile:
  C:\Program Files\Microsoft SDKs\Windows\v7.0A\bin\rc.exe /nologo /fo"Debug\Hello2.exe.embed.manifest.res" Debug\Hello2_manifest.rc 
Link:
  C:\Program Files\Microsoft Visual Studio 10.0\VC\bin\link.exe /ERRORREPORT:PROMPT /OUT:"c:\documents and settings\user\мои документы\visual studio 2010\Projects\Hello world\Debug\Hello2.exe" /INCREMENTAL /NOLOGO kernel32.lib user32.lib gdi32.lib winspool.lib comdlg32.lib advapi32.lib shell32.lib ole32.lib oleaut32.lib uuid.lib odbc32.lib odbccp32.lib /MANIFEST /ManifestFile:"Debug\Hello2.exe.intermediate.manifest" /MANIFESTUAC:"level='asInvoker' uiAccess='false'" /DEBUG /PDB:"c:\documents and settings\user\мои документы\visual studio 2010\Projects\Hello world\Debug\Hello2.pdb" /SUBSYSTEM:WINDOWS /TLBID:1 /DYNAMICBASE /NXCOMPAT /IMPLIB:"c:\documents and settings\user\мои документы\visual studio 2010\Projects\Hello world\Debug\Hello2.lib" /MACHINE:X86 Debug\Hello2.exe.embed.manifest.res
  Debug\Hello2.obj
  Debug\KWnd.obj
Manifest:
  C:\Program Files\Microsoft SDKs\Windows\v7.0A\bin\mt.exe /nologo /verbose /out:"Debug\Hello2.exe.embed.manifest" /manifest Debug\Hello2.exe.intermediate.manifest
  C:\Program Files\Microsoft SDKs\Windows\v7.0A\bin\rc.exe /nologo /fo"Debug\Hello2.exe.embed.manifest.res" Debug\Hello2_manifest.rc 
LinkEmbedManifest:
  C:\Program Files\Microsoft Visual Studio 10.0\VC\bin\link.exe /ERRORREPORT:PROMPT /OUT:"c:\documents and settings\user\мои документы\visual studio 2010\Projects\Hello world\Debug\Hello2.exe" /INCREMENTAL /NOLOGO kernel32.lib user32.lib gdi32.lib winspool.lib comdlg32.lib advapi32.lib shell32.lib ole32.lib oleaut32.lib uuid.lib odbc32.lib odbccp32.lib /MANIFEST /ManifestFile:"Debug\Hello2.exe.intermediate.manifest" /MANIFESTUAC:"level='asInvoker' uiAccess='false'" /DEBUG /PDB:"c:\documents and settings\user\мои документы\visual studio 2010\Projects\Hello world\Debug\Hello2.pdb" /SUBSYSTEM:WINDOWS /TLBID:1 /DYNAMICBASE /NXCOMPAT /IMPLIB:"c:\documents and settings\user\мои документы\visual studio 2010\Projects\Hello world\Debug\Hello2.lib" /MACHINE:X86 Debug\Hello2.exe.embed.manifest.res
  Debug\Hello2.obj
  Debug\KWnd.obj
  Hello2.vcxproj -> c:\documents and settings\user\мои документы\visual studio 2010\Projects\Hello world\Debug\Hello2.exe
FinalizeBuildStatus:
  Файл "Debug\Hello2.unsuccessfulbuild" удаляется.
  Обращение к "Debug\Hello2.lastbuildstate".
Построение проекта "c:\documents and settings\User\мои документы\visual studio 2010\Projects\Hello world\Hello2\Hello2.vcxproj" завершено (целевые объекты build).

Построение успешно завершено.

Затраченное время: 00:00:44.53
