This file contains any messages produced by compilers while
running configure, to aid debugging if configure makes a mistake.

It was created by rabbit configure 0.1, which was
generated by GNU Autoconf 2.69.  Invocation command line was

  $ /home/monah1744/Projects/20SPS21/rabbit/configure --enable-maintainer-mode CFLAGS=-g -O0 CXXFLAGS=-g -O0 JFLAGS=-g -O0 FFLAGS=-g -O0

## --------- ##
## Platform. ##
## --------- ##

hostname = localhost
uname -m = i686
uname -r = 3.2.1-gentoo-r2
uname -s = Linux
uname -v = #5 SMP Thu Jul 26 21:24:43 EEST 2012

/usr/bin/uname -p = Genuine Intel(R) CPU T2130 @ 1.86GHz
/bin/uname -X     = unknown

/bin/arch              = unknown
/usr/bin/arch -k       = unknown
/usr/convex/getsysinfo = unknown
/usr/bin/hostinfo      = unknown
/bin/machine           = unknown
/usr/bin/oslevel       = unknown
/bin/universe          = unknown

PATH: /usr/local/bin
PATH: /usr/bin
PATH: /bin
PATH: /opt/bin
PATH: /usr/i486-pc-linux-gnu/gcc-bin/4.6.3
PATH: /usr/games/bin


## ----------- ##
## Core tests. ##
## ----------- ##

configure:2431: checking for a BSD-compatible install
configure:2499: result: /usr/bin/install -c
configure:2510: checking whether build environment is sane
configure:2565: result: yes
configure:2716: checking for a thread-safe mkdir -p
configure:2755: result: /bin/mkdir -p
configure:2762: checking for gawk
configure:2778: found /usr/bin/gawk
configure:2789: result: gawk
configure:2800: checking whether make sets $(MAKE)
configure:2822: result: yes
configure:2920: checking whether make supports nested variables
configure:2937: result: yes
configure:3007: checking for g++
configure:3023: found /usr/bin/g++
configure:3034: result: g++
configure:3061: checking for C++ compiler version
configure:3070: g++ --version >&5
g++ (Gentoo 4.6.3 p1.3, pie-0.5.2) 4.6.3
Copyright (C) 2011 Free Software Foundation, Inc.
This is free software; see the source for copying conditions.  There is NO
warranty; not even for MERCHANTABILITY or FITNESS FOR A PARTICULAR PURPOSE.

configure:3081: $? = 0
configure:3070: g++ -v >&5
Using built-in specs.
COLLECT_GCC=/usr/i486-pc-linux-gnu/gcc-bin/4.6.3/g++
COLLECT_LTO_WRAPPER=/usr/libexec/gcc/i486-pc-linux-gnu/4.6.3/lto-wrapper
Target: i486-pc-linux-gnu
Configured with: /var/tmp/portage/sys-devel/gcc-4.6.3/work/gcc-4.6.3/configure --prefix=/usr --bindir=/usr/i486-pc-linux-gnu/gcc-bin/4.6.3 --includedir=/usr/lib/gcc/i486-pc-linux-gnu/4.6.3/include --datadir=/usr/share/gcc-data/i486-pc-linux-gnu/4.6.3 --mandir=/usr/share/gcc-data/i486-pc-linux-gnu/4.6.3/man --infodir=/usr/share/gcc-data/i486-pc-linux-gnu/4.6.3/info --with-gxx-include-dir=/usr/lib/gcc/i486-pc-linux-gnu/4.6.3/include/g++-v4 --host=i486-pc-linux-gnu --build=i486-pc-linux-gnu --disable-altivec --disable-fixed-point --without-ppl --without-cloog --enable-lto --enable-nls --without-included-gettext --with-system-zlib --enable-obsolete --disable-werror --enable-secureplt --disable-multilib --enable-libmudflap --disable-libssp --enable-libgomp --with-python-dir=/share/gcc-data/i486-pc-linux-gnu/4.6.3/python --enable-checking=release --disable-libgcj --with-arch=i486 --enable-languages=c,c++,objc,fortran --enable-shared --enable-threads=posix --enable-__cxa_atexit --enable-clocale=gnu --enable-targets=all --with-bugurl=http://bugs.gentoo.org/ --with-pkgversion='Gentoo 4.6.3 p1.3, pie-0.5.2'
Thread model: posix
gcc version 4.6.3 (Gentoo 4.6.3 p1.3, pie-0.5.2) 
configure:3081: $? = 0
configure:3070: g++ -V >&5
g++: error: unrecognized option '-V'
g++: fatal error: no input files
compilation terminated.
configure:3081: $? = 1
configure:3070: g++ -qversion >&5
g++: error: unrecognized option '-qversion'
g++: fatal error: no input files
compilation terminated.
configure:3081: $? = 1
configure:3101: checking whether the C++ compiler works
configure:3123: g++ -g -O0   conftest.cpp  >&5
configure:3127: $? = 0
configure:3175: result: yes
configure:3178: checking for C++ compiler default output file name
configure:3180: result: a.out
configure:3186: checking for suffix of executables
configure:3193: g++ -o conftest -g -O0   conftest.cpp  >&5
configure:3197: $? = 0
configure:3219: result: 
configure:3241: checking whether we are cross compiling
configure:3249: g++ -o conftest -g -O0   conftest.cpp  >&5
configure:3253: $? = 0
configure:3260: ./conftest
configure:3264: $? = 0
configure:3279: result: no
configure:3284: checking for suffix of object files
configure:3306: g++ -c -g -O0  conftest.cpp >&5
configure:3310: $? = 0
configure:3331: result: o
configure:3335: checking whether we are using the GNU C++ compiler
configure:3354: g++ -c -g -O0  conftest.cpp >&5
configure:3354: $? = 0
configure:3363: result: yes
configure:3372: checking whether g++ accepts -g
configure:3392: g++ -c -g  conftest.cpp >&5
configure:3392: $? = 0
configure:3433: result: yes
configure:3467: checking for style of include used by make
configure:3495: result: GNU
configure:3521: checking dependency style of g++
configure:3632: result: gcc3
configure:3652: checking whether NLS is requested
configure:3661: result: yes
configure:3713: checking for gcc
configure:3729: found /usr/bin/gcc
configure:3740: result: gcc
configure:3969: checking for C compiler version
configure:3978: gcc --version >&5
gcc (Gentoo 4.6.3 p1.3, pie-0.5.2) 4.6.3
Copyright (C) 2011 Free Software Foundation, Inc.
This is free software; see the source for copying conditions.  There is NO
warranty; not even for MERCHANTABILITY or FITNESS FOR A PARTICULAR PURPOSE.

configure:3989: $? = 0
configure:3978: gcc -v >&5
Using built-in specs.
COLLECT_GCC=/usr/i486-pc-linux-gnu/gcc-bin/4.6.3/gcc
COLLECT_LTO_WRAPPER=/usr/libexec/gcc/i486-pc-linux-gnu/4.6.3/lto-wrapper
Target: i486-pc-linux-gnu
Configured with: /var/tmp/portage/sys-devel/gcc-4.6.3/work/gcc-4.6.3/configure --prefix=/usr --bindir=/usr/i486-pc-linux-gnu/gcc-bin/4.6.3 --includedir=/usr/lib/gcc/i486-pc-linux-gnu/4.6.3/include --datadir=/usr/share/gcc-data/i486-pc-linux-gnu/4.6.3 --mandir=/usr/share/gcc-data/i486-pc-linux-gnu/4.6.3/man --infodir=/usr/share/gcc-data/i486-pc-linux-gnu/4.6.3/info --with-gxx-include-dir=/usr/lib/gcc/i486-pc-linux-gnu/4.6.3/include/g++-v4 --host=i486-pc-linux-gnu --build=i486-pc-linux-gnu --disable-altivec --disable-fixed-point --without-ppl --without-cloog --enable-lto --enable-nls --without-included-gettext --with-system-zlib --enable-obsolete --disable-werror --enable-secureplt --disable-multilib --enable-libmudflap --disable-libssp --enable-libgomp --with-python-dir=/share/gcc-data/i486-pc-linux-gnu/4.6.3/python --enable-checking=release --disable-libgcj --with-arch=i486 --enable-languages=c,c++,objc,fortran --enable-shared --enable-threads=posix --enable-__cxa_atexit --enable-clocale=gnu --enable-targets=all --with-bugurl=http://bugs.gentoo.org/ --with-pkgversion='Gentoo 4.6.3 p1.3, pie-0.5.2'
Thread model: posix
gcc version 4.6.3 (Gentoo 4.6.3 p1.3, pie-0.5.2) 
configure:3989: $? = 0
configure:3978: gcc -V >&5
gcc: error: unrecognized option '-V'
gcc: fatal error: no input files
compilation terminated.
configure:3989: $? = 1
configure:3978: gcc -qversion >&5
gcc: error: unrecognized option '-qversion'
gcc: fatal error: no input files
compilation terminated.
configure:3989: $? = 1
configure:3993: checking whether we are using the GNU C compiler
configure:4012: gcc -c -g -O0  conftest.c >&5
configure:4012: $? = 0
configure:4021: result: yes
configure:4030: checking whether gcc accepts -g
configure:4050: gcc -c -g  conftest.c >&5
configure:4050: $? = 0
configure:4091: result: yes
configure:4108: checking for gcc option to accept ISO C89
configure:4171: gcc  -c -g -O0  conftest.c >&5
configure:4171: $? = 0
configure:4184: result: none needed
configure:4206: checking dependency style of gcc
configure:4317: result: gcc3
configure:4347: checking for intltool >= 0.35.0
configure:4349: result: 0.50.2 found
configure:4357: checking for intltool-update
configure:4375: found /usr/bin/intltool-update
configure:4387: result: /usr/bin/intltool-update
configure:4397: checking for intltool-merge
configure:4415: found /usr/bin/intltool-merge
configure:4427: result: /usr/bin/intltool-merge
configure:4437: checking for intltool-extract
configure:4455: found /usr/bin/intltool-extract
configure:4467: result: /usr/bin/intltool-extract
configure:4621: checking for xgettext
configure:4639: found /usr/bin/xgettext
configure:4651: result: /usr/bin/xgettext
configure:4661: checking for msgmerge
configure:4679: found /usr/bin/msgmerge
configure:4691: result: /usr/bin/msgmerge
configure:4701: checking for msgfmt
configure:4719: found /usr/bin/msgfmt
configure:4731: result: /usr/bin/msgfmt
configure:4741: checking for gmsgfmt
configure:4759: found /usr/bin/gmsgfmt
configure:4772: result: /usr/bin/gmsgfmt
configure:4792: checking for perl
configure:4810: found /usr/bin/perl
configure:4822: result: /usr/bin/perl
configure:4833: checking for perl >= 5.8.1
configure:4840: result: 5.16.0
configure:4844: checking for XML::Parser
configure:4847: result: ok
configure:4872: gcc -o conftest -g -O0   conftest.c  >&5
configure:4872: $? = 0
configure:4911: checking how to run the C preprocessor
configure:4942: gcc -E  conftest.c
configure:4942: $? = 0
configure:4956: gcc -E  conftest.c
conftest.c:12:28: fatal error: ac_nonexistent.h: No such file or directory
compilation terminated.
configure:4956: $? = 1
configure: failed program was:
| /* confdefs.h */
| #define PACKAGE_NAME "rabbit"
| #define PACKAGE_TARNAME "rabbit"
| #define PACKAGE_VERSION "0.1"
| #define PACKAGE_STRING "rabbit 0.1"
| #define PACKAGE_BUGREPORT ""
| #define PACKAGE_URL ""
| #define PACKAGE "rabbit"
| #define VERSION "0.1"
| #define GETTEXT_PACKAGE "rabbit"
| /* end confdefs.h.  */
| #include <ac_nonexistent.h>
configure:4981: result: gcc -E
configure:5001: gcc -E  conftest.c
configure:5001: $? = 0
configure:5015: gcc -E  conftest.c
conftest.c:12:28: fatal error: ac_nonexistent.h: No such file or directory
compilation terminated.
configure:5015: $? = 1
configure: failed program was:
| /* confdefs.h */
| #define PACKAGE_NAME "rabbit"
| #define PACKAGE_TARNAME "rabbit"
| #define PACKAGE_VERSION "0.1"
| #define PACKAGE_STRING "rabbit 0.1"
| #define PACKAGE_BUGREPORT ""
| #define PACKAGE_URL ""
| #define PACKAGE "rabbit"
| #define VERSION "0.1"
| #define GETTEXT_PACKAGE "rabbit"
| /* end confdefs.h.  */
| #include <ac_nonexistent.h>
configure:5044: checking for grep that handles long lines and -e
configure:5102: result: /bin/grep
configure:5107: checking for egrep
configure:5169: result: /bin/grep -E
configure:5174: checking for ANSI C header files
configure:5194: gcc -c -g -O0  conftest.c >&5
configure:5194: $? = 0
configure:5267: gcc -o conftest -g -O0   conftest.c  >&5
configure:5267: $? = 0
configure:5267: ./conftest
configure:5267: $? = 0
configure:5278: result: yes
configure:5291: checking for sys/types.h
configure:5291: gcc -c -g -O0  conftest.c >&5
configure:5291: $? = 0
configure:5291: result: yes
configure:5291: checking for sys/stat.h
configure:5291: gcc -c -g -O0  conftest.c >&5
configure:5291: $? = 0
configure:5291: result: yes
configure:5291: checking for stdlib.h
configure:5291: gcc -c -g -O0  conftest.c >&5
configure:5291: $? = 0
configure:5291: result: yes
configure:5291: checking for string.h
configure:5291: gcc -c -g -O0  conftest.c >&5
configure:5291: $? = 0
configure:5291: result: yes
configure:5291: checking for memory.h
configure:5291: gcc -c -g -O0  conftest.c >&5
configure:5291: $? = 0
configure:5291: result: yes
configure:5291: checking for strings.h
configure:5291: gcc -c -g -O0  conftest.c >&5
configure:5291: $? = 0
configure:5291: result: yes
configure:5291: checking for inttypes.h
configure:5291: gcc -c -g -O0  conftest.c >&5
configure:5291: $? = 0
configure:5291: result: yes
configure:5291: checking for stdint.h
configure:5291: gcc -c -g -O0  conftest.c >&5
configure:5291: $? = 0
configure:5291: result: yes
configure:5291: checking for unistd.h
configure:5291: gcc -c -g -O0  conftest.c >&5
configure:5291: $? = 0
configure:5291: result: yes
configure:5306: checking locale.h usability
configure:5306: gcc -c -g -O0  conftest.c >&5
configure:5306: $? = 0
configure:5306: result: yes
configure:5306: checking locale.h presence
configure:5306: gcc -E  conftest.c
configure:5306: $? = 0
configure:5306: result: yes
configure:5306: checking for locale.h
configure:5306: result: yes
configure:5317: checking for LC_MESSAGES
configure:5333: gcc -o conftest -g -O0   conftest.c  >&5
configure:5333: $? = 0
configure:5341: result: yes
configure:5358: checking libintl.h usability
configure:5358: gcc -c -g -O0  conftest.c >&5
configure:5358: $? = 0
configure:5358: result: yes
configure:5358: checking libintl.h presence
configure:5358: gcc -E  conftest.c
configure:5358: $? = 0
configure:5358: result: yes
configure:5358: checking for libintl.h
configure:5358: result: yes
configure:5366: checking for ngettext in libc
configure:5384: gcc -o conftest -g -O0   conftest.c  >&5
configure:5384: $? = 0
configure:5393: result: yes
configure:5397: checking for dgettext in libc
configure:5415: gcc -o conftest -g -O0   conftest.c  >&5
configure:5415: $? = 0
configure:5424: result: yes
configure:5431: checking for bind_textdomain_codeset
configure:5431: gcc -o conftest -g -O0   conftest.c  >&5
configure:5431: $? = 0
configure:5431: result: yes
configure:5707: checking for msgfmt
configure:5734: result: /usr/bin/msgfmt
configure:5745: checking for dcgettext
configure:5745: gcc -o conftest -g -O0   conftest.c   >&5
conftest.c:49:6: warning: conflicting types for built-in function 'dcgettext' [enabled by default]
configure:5745: $? = 0
configure:5745: result: yes
configure:5755: checking if msgfmt accepts -c
configure:5770: $MSGFMT -c -o /dev/null conftest.foo
configure:5773: $? = 0
configure:5775: result: yes
configure:5785: checking for gmsgfmt
configure:5816: result: /usr/bin/gmsgfmt
configure:5826: checking for xgettext
configure:5853: result: /usr/bin/xgettext
configure:5872: gcc -o conftest -g -O0   conftest.c   >&5
configure:5872: $? = 0
configure:6043: checking build system type
configure:6057: result: i686-pc-linux-gnu
configure:6077: checking host system type
configure:6090: result: i686-pc-linux-gnu
configure:6131: checking how to print strings
configure:6158: result: printf
configure:6179: checking for a sed that does not truncate output
configure:6243: result: /bin/sed
configure:6261: checking for fgrep
configure:6323: result: /bin/grep -F
configure:6358: checking for ld used by gcc
configure:6425: result: /usr/i486-pc-linux-gnu/bin/ld
configure:6432: checking if the linker (/usr/i486-pc-linux-gnu/bin/ld) is GNU ld
configure:6447: result: yes
configure:6459: checking for BSD- or MS-compatible name lister (nm)
configure:6508: result: /usr/bin/nm -B
configure:6638: checking the name lister (/usr/bin/nm -B) interface
configure:6645: gcc -c -g -O0  conftest.c >&5
configure:6648: /usr/bin/nm -B "conftest.o"
configure:6651: output
00000000 B some_variable
configure:6658: result: BSD nm
configure:6661: checking whether ln -s works
configure:6665: result: yes
configure:6673: checking the maximum length of command line arguments
configure:6803: result: 1572864
configure:6820: checking whether the shell understands some XSI constructs
configure:6830: result: yes
configure:6834: checking whether the shell understands "+="
configure:6840: result: yes
configure:6875: checking how to convert i686-pc-linux-gnu file names to i686-pc-linux-gnu format
configure:6915: result: func_convert_file_noop
configure:6922: checking how to convert i686-pc-linux-gnu file names to toolchain format
configure:6942: result: func_convert_file_noop
configure:6949: checking for /usr/i486-pc-linux-gnu/bin/ld option to reload object files
configure:6956: result: -r
configure:7030: checking for objdump
configure:7046: found /usr/bin/objdump
configure:7057: result: objdump
configure:7089: checking how to recognize dependent libraries
configure:7291: result: pass_all
configure:7376: checking for dlltool
configure:7406: result: no
configure:7436: checking how to associate runtime and link libraries
configure:7463: result: printf %s\n
configure:7523: checking for ar
configure:7539: found /usr/bin/ar
configure:7550: result: ar
configure:7587: checking for archiver @FILE support
configure:7604: gcc -c -g -O0  conftest.c >&5
configure:7604: $? = 0
configure:7607: ar cru libconftest.a @conftest.lst >&5
configure:7610: $? = 0
configure:7615: ar cru libconftest.a @conftest.lst >&5
ar: conftest.o: No such file or directory
configure:7618: $? = 1
configure:7630: result: @
configure:7688: checking for strip
configure:7704: found /usr/bin/strip
configure:7715: result: strip
configure:7787: checking for ranlib
configure:7803: found /usr/bin/ranlib
configure:7814: result: ranlib
configure:7916: checking command to parse /usr/bin/nm -B output from gcc object
configure:8036: gcc -c -g -O0  conftest.c >&5
configure:8039: $? = 0
configure:8043: /usr/bin/nm -B conftest.o \| sed -n -e 's/^.*[ ]\([ABCDGIRSTW][ABCDGIRSTW]*\)[ ][ ]*\([_A-Za-z][_A-Za-z0-9]*\)$/\1 \2 \2/p' | sed '/ __gnu_lto/d' \> conftest.nm
configure:8046: $? = 0
configure:8112: gcc -o conftest -g -O0   conftest.c conftstm.o >&5
configure:8115: $? = 0
configure:8153: result: ok
configure:8190: checking for sysroot
configure:8220: result: no
configure:8476: checking for mt
configure:8506: result: no
configure:8526: checking if : is a manifest tool
configure:8532: : '-?'
configure:8540: result: no
configure:9179: checking for dlfcn.h
configure:9179: gcc -c -g -O0  conftest.c >&5
configure:9179: $? = 0
configure:9179: result: yes
configure:9396: checking for objdir
configure:9411: result: .libs
configure:9678: checking if gcc supports -fno-rtti -fno-exceptions
configure:9696: gcc -c -g -O0  -fno-rtti -fno-exceptions conftest.c >&5
cc1: warning: command line option '-fno-rtti' is valid for C++/ObjC++ but not for C [enabled by default]
configure:9700: $? = 0
configure:9713: result: no
configure:10040: checking for gcc option to produce PIC
configure:10047: result: -fPIC -DPIC
configure:10055: checking if gcc PIC flag -fPIC -DPIC works
configure:10073: gcc -c -g -O0  -fPIC -DPIC -DPIC conftest.c >&5
configure:10077: $? = 0
configure:10090: result: yes
configure:10119: checking if gcc static flag -static works
configure:10147: result: yes
configure:10162: checking if gcc supports -c -o file.o
configure:10183: gcc -c -g -O0  -o out/conftest2.o conftest.c >&5
configure:10187: $? = 0
configure:10209: result: yes
configure:10217: checking if gcc supports -c -o file.o
configure:10264: result: yes
configure:10297: checking whether the gcc linker (/usr/i486-pc-linux-gnu/bin/ld) supports shared libraries
configure:11450: result: yes
configure:11487: checking whether -lc should be explicitly linked in
configure:11495: gcc -c -g -O0  conftest.c >&5
configure:11498: $? = 0
configure:11513: gcc -shared  -fPIC -DPIC conftest.o  -v -Wl,-soname -Wl,conftest -o conftest 2\>\&1 \| /bin/grep  -lc  \>/dev/null 2\>\&1
configure:11516: $? = 0
configure:11530: result: no
configure:11690: checking dynamic linker characteristics
configure:12214: gcc -o conftest -g -O0   -Wl,-rpath -Wl,/foo conftest.c  >&5
configure:12214: $? = 0
configure:12436: result: GNU/Linux ld.so
configure:12543: checking how to hardcode library paths into programs
configure:12568: result: immediate
configure:13108: checking whether stripping libraries is possible
configure:13113: result: yes
configure:13148: checking if libtool supports shared libraries
configure:13150: result: yes
configure:13153: checking whether to build shared libraries
configure:13174: result: yes
configure:13177: checking whether to build static libraries
configure:13181: result: yes
configure:13204: checking how to run the C++ preprocessor
configure:13231: g++ -E  conftest.cpp
configure:13231: $? = 0
configure:13245: g++ -E  conftest.cpp
conftest.cpp:30:28: fatal error: ac_nonexistent.h: No such file or directory
compilation terminated.
configure:13245: $? = 1
configure: failed program was:
| /* confdefs.h */
| #define PACKAGE_NAME "rabbit"
| #define PACKAGE_TARNAME "rabbit"
| #define PACKAGE_VERSION "0.1"
| #define PACKAGE_STRING "rabbit 0.1"
| #define PACKAGE_BUGREPORT ""
| #define PACKAGE_URL ""
| #define PACKAGE "rabbit"
| #define VERSION "0.1"
| #define GETTEXT_PACKAGE "rabbit"
| #define STDC_HEADERS 1
| #define HAVE_SYS_TYPES_H 1
| #define HAVE_SYS_STAT_H 1
| #define HAVE_STDLIB_H 1
| #define HAVE_STRING_H 1
| #define HAVE_MEMORY_H 1
| #define HAVE_STRINGS_H 1
| #define HAVE_INTTYPES_H 1
| #define HAVE_STDINT_H 1
| #define HAVE_UNISTD_H 1
| #define HAVE_LOCALE_H 1
| #define HAVE_LC_MESSAGES 1
| #define HAVE_BIND_TEXTDOMAIN_CODESET 1
| #define HAVE_GETTEXT 1
| #define HAVE_DCGETTEXT 1
| #define ENABLE_NLS 1
| #define HAVE_DLFCN_H 1
| #define LT_OBJDIR ".libs/"
| /* end confdefs.h.  */
| #include <ac_nonexistent.h>
configure:13270: result: g++ -E
configure:13290: g++ -E  conftest.cpp
configure:13290: $? = 0
configure:13304: g++ -E  conftest.cpp
conftest.cpp:30:28: fatal error: ac_nonexistent.h: No such file or directory
compilation terminated.
configure:13304: $? = 1
configure: failed program was:
| /* confdefs.h */
| #define PACKAGE_NAME "rabbit"
| #define PACKAGE_TARNAME "rabbit"
| #define PACKAGE_VERSION "0.1"
| #define PACKAGE_STRING "rabbit 0.1"
| #define PACKAGE_BUGREPORT ""
| #define PACKAGE_URL ""
| #define PACKAGE "rabbit"
| #define VERSION "0.1"
| #define GETTEXT_PACKAGE "rabbit"
| #define STDC_HEADERS 1
| #define HAVE_SYS_TYPES_H 1
| #define HAVE_SYS_STAT_H 1
| #define HAVE_STDLIB_H 1
| #define HAVE_STRING_H 1
| #define HAVE_MEMORY_H 1
| #define HAVE_STRINGS_H 1
| #define HAVE_INTTYPES_H 1
| #define HAVE_STDINT_H 1
| #define HAVE_UNISTD_H 1
| #define HAVE_LOCALE_H 1
| #define HAVE_LC_MESSAGES 1
| #define HAVE_BIND_TEXTDOMAIN_CODESET 1
| #define HAVE_GETTEXT 1
| #define HAVE_DCGETTEXT 1
| #define ENABLE_NLS 1
| #define HAVE_DLFCN_H 1
| #define LT_OBJDIR ".libs/"
| /* end confdefs.h.  */
| #include <ac_nonexistent.h>
configure:13473: checking for ld used by g++
configure:13540: result: /usr/i486-pc-linux-gnu/bin/ld
configure:13547: checking if the linker (/usr/i486-pc-linux-gnu/bin/ld) is GNU ld
configure:13562: result: yes
configure:13617: checking whether the g++ linker (/usr/i486-pc-linux-gnu/bin/ld) supports shared libraries
configure:14622: result: yes
configure:14658: g++ -c -g -O0  conftest.cpp >&5
configure:14661: $? = 0
configure:15181: checking for g++ option to produce PIC
configure:15188: result: -fPIC -DPIC
configure:15196: checking if g++ PIC flag -fPIC -DPIC works
configure:15214: g++ -c -g -O0  -fPIC -DPIC -DPIC conftest.cpp >&5
configure:15218: $? = 0
configure:15231: result: yes
configure:15254: checking if g++ static flag -static works
configure:15282: result: yes
configure:15294: checking if g++ supports -c -o file.o
configure:15315: g++ -c -g -O0  -o out/conftest2.o conftest.cpp >&5
configure:15319: $? = 0
configure:15341: result: yes
configure:15346: checking if g++ supports -c -o file.o
configure:15393: result: yes
configure:15423: checking whether the g++ linker (/usr/i486-pc-linux-gnu/bin/ld) supports shared libraries
configure:15459: result: yes
configure:15600: checking dynamic linker characteristics
configure:16280: result: GNU/Linux ld.so
configure:16333: checking how to hardcode library paths into programs
configure:16358: result: immediate
configure:16536: checking that generated files are newer than configure
configure:16542: result: done
configure:16573: creating ./config.status

## ---------------------- ##
## Running config.status. ##
## ---------------------- ##

This file was extended by rabbit config.status 0.1, which was
generated by GNU Autoconf 2.69.  Invocation command line was

  CONFIG_FILES    = 
  CONFIG_HEADERS  = 
  CONFIG_LINKS    = 
  CONFIG_COMMANDS = 
  $ ./config.status 

on localhost

config.status:1222: creating Makefile
config.status:1222: creating src/Makefile
config.status:1222: creating po/Makefile.in
config.status:1222: creating config.h
config.status:1436: executing depfiles commands
config.status:1436: executing default-1 commands
config.status:1436: executing libtool commands
config.status:1436: executing po/stamp-it commands
configure:19086: WARNING: unrecognized options: --enable-maintainer-mode

## ---------------- ##
## Cache variables. ##
## ---------------- ##

ac_cv_build=i686-pc-linux-gnu
ac_cv_c_compiler_gnu=yes
ac_cv_cxx_compiler_gnu=yes
ac_cv_env_CCC_set=
ac_cv_env_CCC_value=
ac_cv_env_CC_set=
ac_cv_env_CC_value=
ac_cv_env_CFLAGS_set=set
ac_cv_env_CFLAGS_value='-g -O0'
ac_cv_env_CPPFLAGS_set=
ac_cv_env_CPPFLAGS_value=
ac_cv_env_CPP_set=
ac_cv_env_CPP_value=
ac_cv_env_CXXCPP_set=
ac_cv_env_CXXCPP_value=
ac_cv_env_CXXFLAGS_set=set
ac_cv_env_CXXFLAGS_value='-g -O0'
ac_cv_env_CXX_set=
ac_cv_env_CXX_value=
ac_cv_env_LDFLAGS_set=
ac_cv_env_LDFLAGS_value=
ac_cv_env_LIBS_set=
ac_cv_env_LIBS_value=
ac_cv_env_build_alias_set=
ac_cv_env_build_alias_value=
ac_cv_env_host_alias_set=
ac_cv_env_host_alias_value=
ac_cv_env_target_alias_set=
ac_cv_env_target_alias_value=
ac_cv_func_bind_textdomain_codeset=yes
ac_cv_func_dcgettext=yes
ac_cv_header_dlfcn_h=yes
ac_cv_header_inttypes_h=yes
ac_cv_header_libintl_h=yes
ac_cv_header_locale_h=yes
ac_cv_header_memory_h=yes
ac_cv_header_stdc=yes
ac_cv_header_stdint_h=yes
ac_cv_header_stdlib_h=yes
ac_cv_header_string_h=yes
ac_cv_header_strings_h=yes
ac_cv_header_sys_stat_h=yes
ac_cv_header_sys_types_h=yes
ac_cv_header_unistd_h=yes
ac_cv_host=i686-pc-linux-gnu
ac_cv_objext=o
ac_cv_path_EGREP='/bin/grep -E'
ac_cv_path_FGREP='/bin/grep -F'
ac_cv_path_GMSGFMT=/usr/bin/gmsgfmt
ac_cv_path_GREP=/bin/grep
ac_cv_path_INTLTOOL_EXTRACT=/usr/bin/intltool-extract
ac_cv_path_INTLTOOL_MERGE=/usr/bin/intltool-merge
ac_cv_path_INTLTOOL_PERL=/usr/bin/perl
ac_cv_path_INTLTOOL_UPDATE=/usr/bin/intltool-update
ac_cv_path_MSGFMT=/usr/bin/msgfmt
ac_cv_path_MSGMERGE=/usr/bin/msgmerge
ac_cv_path_SED=/bin/sed
ac_cv_path_XGETTEXT=/usr/bin/xgettext
ac_cv_path_install='/usr/bin/install -c'
ac_cv_path_mkdir=/bin/mkdir
ac_cv_prog_AWK=gawk
ac_cv_prog_CPP='gcc -E'
ac_cv_prog_CXXCPP='g++ -E'
ac_cv_prog_ac_ct_AR=ar
ac_cv_prog_ac_ct_CC=gcc
ac_cv_prog_ac_ct_CXX=g++
ac_cv_prog_ac_ct_OBJDUMP=objdump
ac_cv_prog_ac_ct_RANLIB=ranlib
ac_cv_prog_ac_ct_STRIP=strip
ac_cv_prog_cc_c89=
ac_cv_prog_cc_g=yes
ac_cv_prog_cxx_g=yes
ac_cv_prog_make_make_set=yes
am_cv_CC_dependencies_compiler_type=gcc3
am_cv_CXX_dependencies_compiler_type=gcc3
am_cv_make_support_nested_variables=yes
am_cv_val_LC_MESSAGES=yes
gt_cv_func_dgettext_libc=yes
gt_cv_func_dgettext_libintl=no
gt_cv_func_ngettext_libc=yes
gt_cv_have_gettext=yes
lt_cv_ar_at_file=@
lt_cv_archive_cmds_need_lc=no
lt_cv_deplibs_check_method=pass_all
lt_cv_file_magic_cmd='$MAGIC_CMD'
lt_cv_file_magic_test_file=
lt_cv_ld_reload_flag=-r
lt_cv_nm_interface='BSD nm'
lt_cv_objdir=.libs
lt_cv_path_LD=/usr/i486-pc-linux-gnu/bin/ld
lt_cv_path_LDCXX=/usr/i486-pc-linux-gnu/bin/ld
lt_cv_path_NM='/usr/bin/nm -B'
lt_cv_path_mainfest_tool=no
lt_cv_prog_compiler_c_o=yes
lt_cv_prog_compiler_c_o_CXX=yes
lt_cv_prog_compiler_pic='-fPIC -DPIC'
lt_cv_prog_compiler_pic_CXX='-fPIC -DPIC'
lt_cv_prog_compiler_pic_works=yes
lt_cv_prog_compiler_pic_works_CXX=yes
lt_cv_prog_compiler_rtti_exceptions=no
lt_cv_prog_compiler_static_works=yes
lt_cv_prog_compiler_static_works_CXX=yes
lt_cv_prog_gnu_ld=yes
lt_cv_prog_gnu_ldcxx=yes
lt_cv_sharedlib_from_linklib_cmd='printf %s\n'
lt_cv_shlibpath_overrides_runpath=yes
lt_cv_sys_global_symbol_pipe='sed -n -e '\''s/^.*[	 ]\([ABCDGIRSTW][ABCDGIRSTW]*\)[	 ][	 ]*\([_A-Za-z][_A-Za-z0-9]*\)$/\1 \2 \2/p'\'' | sed '\''/ __gnu_lto/d'\'''
lt_cv_sys_global_symbol_to_c_name_address='sed -n -e '\''s/^: \([^ ]*\)[ ]*$/  {\"\1\", (void *) 0},/p'\'' -e '\''s/^[ABCDGIRSTW]* \([^ ]*\) \([^ ]*\)$/  {"\2", (void *) \&\2},/p'\'''
lt_cv_sys_global_symbol_to_c_name_address_lib_prefix='sed -n -e '\''s/^: \([^ ]*\)[ ]*$/  {\"\1\", (void *) 0},/p'\'' -e '\''s/^[ABCDGIRSTW]* \([^ ]*\) \(lib[^ ]*\)$/  {"\2", (void *) \&\2},/p'\'' -e '\''s/^[ABCDGIRSTW]* \([^ ]*\) \([^ ]*\)$/  {"lib\2", (void *) \&\2},/p'\'''
lt_cv_sys_global_symbol_to_cdecl='sed -n -e '\''s/^T .* \(.*\)$/extern int \1();/p'\'' -e '\''s/^[ABCDGIRSTW]* .* \(.*\)$/extern char \1;/p'\'''
lt_cv_sys_max_cmd_len=1572864
lt_cv_to_host_file_cmd=func_convert_file_noop
lt_cv_to_tool_file_cmd=func_convert_file_noop

## ----------------- ##
## Output variables. ##
## ----------------- ##

ACLOCAL='${SHELL} /home/monah1744/Projects/20SPS21/rabbit/missing --run aclocal-1.12'
ALL_LINGUAS=''
AMDEPBACKSLASH='\'
AMDEP_FALSE='#'
AMDEP_TRUE=''
AMTAR='$${TAR-tar}'
AM_BACKSLASH='\'
AM_DEFAULT_V='$(AM_DEFAULT_VERBOSITY)'
AM_DEFAULT_VERBOSITY='0'
AM_V='$(V)'
AR='ar'
AUTOCONF='${SHELL} /home/monah1744/Projects/20SPS21/rabbit/missing --run autoconf'
AUTOHEADER='${SHELL} /home/monah1744/Projects/20SPS21/rabbit/missing --run autoheader'
AUTOMAKE='${SHELL} /home/monah1744/Projects/20SPS21/rabbit/missing --run automake-1.12'
AWK='gawk'
CATALOGS=''
CATOBJEXT='.gmo'
CC='gcc'
CCDEPMODE='depmode=gcc3'
CFLAGS='-g -O0'
CPP='gcc -E'
CPPFLAGS=''
CXX='g++'
CXXCPP='g++ -E'
CXXDEPMODE='depmode=gcc3'
CXXFLAGS='-g -O0'
CYGPATH_W='echo'
DATADIRNAME='share'
DEFS='-DHAVE_CONFIG_H'
DEPDIR='.deps'
DLLTOOL='false'
DSYMUTIL=''
DUMPBIN=''
ECHO_C=''
ECHO_N='-n'
ECHO_T=''
EGREP='/bin/grep -E'
EXEEXT=''
FGREP='/bin/grep -F'
GETTEXT_PACKAGE='rabbit'
GMOFILES=''
GMSGFMT='/usr/bin/gmsgfmt'
GREP='/bin/grep'
INSTALL_DATA='${INSTALL} -m 644'
INSTALL_PROGRAM='${INSTALL}'
INSTALL_SCRIPT='${INSTALL}'
INSTALL_STRIP_PROGRAM='$(install_sh) -c -s'
INSTOBJEXT='.mo'
INTLLIBS=''
INTLTOOL_CAVES_RULE='%.caves:     %.caves.in     $(INTLTOOL_MERGE) $(wildcard $(top_srcdir)/po/*.po) ; $(INTLTOOL_V_MERGE)LC_ALL=C $(INTLTOOL_MERGE) $(INTLTOOL_V_MERGE_OPTIONS) -d -u -c $(top_builddir)/po/.intltool-merge-cache $(top_srcdir)/po $< $@'
INTLTOOL_DESKTOP_RULE='%.desktop:   %.desktop.in   $(INTLTOOL_MERGE) $(wildcard $(top_srcdir)/po/*.po) ; $(INTLTOOL_V_MERGE)LC_ALL=C $(INTLTOOL_MERGE) $(INTLTOOL_V_MERGE_OPTIONS) -d -u -c $(top_builddir)/po/.intltool-merge-cache $(top_srcdir)/po $< $@'
INTLTOOL_DIRECTORY_RULE='%.directory: %.directory.in $(INTLTOOL_MERGE) $(wildcard $(top_srcdir)/po/*.po) ; $(INTLTOOL_V_MERGE)LC_ALL=C $(INTLTOOL_MERGE) $(INTLTOOL_V_MERGE_OPTIONS) -d -u -c $(top_builddir)/po/.intltool-merge-cache $(top_srcdir)/po $< $@'
INTLTOOL_EXTRACT='/usr/bin/intltool-extract'
INTLTOOL_KBD_RULE='%.kbd:       %.kbd.in       $(INTLTOOL_MERGE) $(wildcard $(top_srcdir)/po/*.po) ; $(INTLTOOL_V_MERGE)LC_ALL=C $(INTLTOOL_MERGE) $(INTLTOOL_V_MERGE_OPTIONS) -x -u -m -c $(top_builddir)/po/.intltool-merge-cache $(top_srcdir)/po $< $@'
INTLTOOL_KEYS_RULE='%.keys:      %.keys.in      $(INTLTOOL_MERGE) $(wildcard $(top_srcdir)/po/*.po) ; $(INTLTOOL_V_MERGE)LC_ALL=C $(INTLTOOL_MERGE) $(INTLTOOL_V_MERGE_OPTIONS) -k -u -c $(top_builddir)/po/.intltool-merge-cache $(top_srcdir)/po $< $@'
INTLTOOL_MERGE='/usr/bin/intltool-merge'
INTLTOOL_OAF_RULE='%.oaf:       %.oaf.in       $(INTLTOOL_MERGE) $(wildcard $(top_srcdir)/po/*.po) ; $(INTLTOOL_V_MERGE)LC_ALL=C $(INTLTOOL_MERGE) $(INTLTOOL_V_MERGE_OPTIONS) -o -p $(top_srcdir)/po $< $@'
INTLTOOL_PERL='/usr/bin/perl'
INTLTOOL_POLICY_RULE='%.policy:    %.policy.in    $(INTLTOOL_MERGE) $(wildcard $(top_srcdir)/po/*.po) ; $(INTLTOOL_V_MERGE)LC_ALL=C $(INTLTOOL_MERGE) $(INTLTOOL_V_MERGE_OPTIONS) -x -u -c $(top_builddir)/po/.intltool-merge-cache $(top_srcdir)/po $< $@'
INTLTOOL_PONG_RULE='%.pong:      %.pong.in      $(INTLTOOL_MERGE) $(wildcard $(top_srcdir)/po/*.po) ; $(INTLTOOL_V_MERGE)LC_ALL=C $(INTLTOOL_MERGE) $(INTLTOOL_V_MERGE_OPTIONS) -x -u -c $(top_builddir)/po/.intltool-merge-cache $(top_srcdir)/po $< $@'
INTLTOOL_PROP_RULE='%.prop:      %.prop.in      $(INTLTOOL_MERGE) $(wildcard $(top_srcdir)/po/*.po) ; $(INTLTOOL_V_MERGE)LC_ALL=C $(INTLTOOL_MERGE) $(INTLTOOL_V_MERGE_OPTIONS) -d -u -c $(top_builddir)/po/.intltool-merge-cache $(top_srcdir)/po $< $@'
INTLTOOL_SCHEMAS_RULE='%.schemas:   %.schemas.in   $(INTLTOOL_MERGE) $(wildcard $(top_srcdir)/po/*.po) ; $(INTLTOOL_V_MERGE)LC_ALL=C $(INTLTOOL_MERGE) $(INTLTOOL_V_MERGE_OPTIONS) -s -u -c $(top_builddir)/po/.intltool-merge-cache $(top_srcdir)/po $< $@'
INTLTOOL_SERVER_RULE='%.server:    %.server.in    $(INTLTOOL_MERGE) $(wildcard $(top_srcdir)/po/*.po) ; $(INTLTOOL_V_MERGE)LC_ALL=C $(INTLTOOL_MERGE) $(INTLTOOL_V_MERGE_OPTIONS) -o -u -c $(top_builddir)/po/.intltool-merge-cache $(top_srcdir)/po $< $@'
INTLTOOL_SERVICE_RULE='%.service: %.service.in   $(INTLTOOL_MERGE) $(wildcard $(top_srcdir)/po/*.po) ; $(INTLTOOL_V_MERGE)LC_ALL=C $(INTLTOOL_MERGE) $(INTLTOOL_V_MERGE_OPTIONS) -d -u -c $(top_builddir)/po/.intltool-merge-cache $(top_srcdir)/po $< $@'
INTLTOOL_SHEET_RULE='%.sheet:     %.sheet.in     $(INTLTOOL_MERGE) $(wildcard $(top_srcdir)/po/*.po) ; $(INTLTOOL_V_MERGE)LC_ALL=C $(INTLTOOL_MERGE) $(INTLTOOL_V_MERGE_OPTIONS) -x -u -c $(top_builddir)/po/.intltool-merge-cache $(top_srcdir)/po $< $@'
INTLTOOL_SOUNDLIST_RULE='%.soundlist: %.soundlist.in $(INTLTOOL_MERGE) $(wildcard $(top_srcdir)/po/*.po) ; $(INTLTOOL_V_MERGE)LC_ALL=C $(INTLTOOL_MERGE) $(INTLTOOL_V_MERGE_OPTIONS) -d -u -c $(top_builddir)/po/.intltool-merge-cache $(top_srcdir)/po $< $@'
INTLTOOL_THEME_RULE='%.theme:     %.theme.in     $(INTLTOOL_MERGE) $(wildcard $(top_srcdir)/po/*.po) ; $(INTLTOOL_V_MERGE)LC_ALL=C $(INTLTOOL_MERGE) $(INTLTOOL_V_MERGE_OPTIONS) -d -u -c $(top_builddir)/po/.intltool-merge-cache $(top_srcdir)/po $< $@'
INTLTOOL_UI_RULE='%.ui:        %.ui.in        $(INTLTOOL_MERGE) $(wildcard $(top_srcdir)/po/*.po) ; $(INTLTOOL_V_MERGE)LC_ALL=C $(INTLTOOL_MERGE) $(INTLTOOL_V_MERGE_OPTIONS) -x -u -c $(top_builddir)/po/.intltool-merge-cache $(top_srcdir)/po $< $@'
INTLTOOL_UPDATE='/usr/bin/intltool-update'
INTLTOOL_V_MERGE='$(INTLTOOL__v_MERGE_$(V))'
INTLTOOL_V_MERGE_OPTIONS='$(intltool__v_merge_options_$(V))'
INTLTOOL_XAM_RULE='%.xam:       %.xml.in       $(INTLTOOL_MERGE) $(wildcard $(top_srcdir)/po/*.po) ; $(INTLTOOL_V_MERGE)LC_ALL=C $(INTLTOOL_MERGE) $(INTLTOOL_V_MERGE_OPTIONS) -x -u -c $(top_builddir)/po/.intltool-merge-cache $(top_srcdir)/po $< $@'
INTLTOOL_XML_NOMERGE_RULE='%.xml:       %.xml.in       $(INTLTOOL_MERGE) ; $(INTLTOOL_V_MERGE)LC_ALL=C $(INTLTOOL_MERGE) $(INTLTOOL_V_MERGE_OPTIONS) -x -u --no-translations $< $@'
INTLTOOL_XML_RULE='%.xml:       %.xml.in       $(INTLTOOL_MERGE) $(wildcard $(top_srcdir)/po/*.po) ; $(INTLTOOL_V_MERGE)LC_ALL=C $(INTLTOOL_MERGE) $(INTLTOOL_V_MERGE_OPTIONS) -x -u -c $(top_builddir)/po/.intltool-merge-cache $(top_srcdir)/po $< $@'
INTLTOOL__v_MERGE_0='@echo "  ITMRG " $@;'
INTLTOOL__v_MERGE_='$(INTLTOOL__v_MERGE_$(AM_DEFAULT_VERBOSITY))'
LD='/usr/i486-pc-linux-gnu/bin/ld'
LDFLAGS=''
LIBOBJS=''
LIBS=''
LIBTOOL='$(SHELL) $(top_builddir)/libtool'
LIPO=''
LN_S='ln -s'
LTLIBOBJS=''
MAKEINFO='${SHELL} /home/monah1744/Projects/20SPS21/rabbit/missing --run makeinfo'
MANIFEST_TOOL=':'
MKDIR_P='/bin/mkdir -p'
MKINSTALLDIRS='/home/monah1744/Projects/20SPS21/rabbit/mkinstalldirs'
MSGFMT='/usr/bin/msgfmt'
MSGFMT_OPTS='-c'
MSGMERGE='/usr/bin/msgmerge'
NM='/usr/bin/nm -B'
NMEDIT=''
OBJDUMP='objdump'
OBJEXT='o'
OTOOL64=''
OTOOL=''
PACKAGE='rabbit'
PACKAGE_BUGREPORT=''
PACKAGE_NAME='rabbit'
PACKAGE_STRING='rabbit 0.1'
PACKAGE_TARNAME='rabbit'
PACKAGE_URL=''
PACKAGE_VERSION='0.1'
PATH_SEPARATOR=':'
POFILES=''
POSUB='po'
PO_IN_DATADIR_FALSE=''
PO_IN_DATADIR_TRUE=''
RANLIB='ranlib'
SED='/bin/sed'
SET_MAKE=''
SHELL='/bin/sh'
STRIP='strip'
USE_NLS='yes'
VERSION='0.1'
XGETTEXT='/usr/bin/xgettext'
ac_ct_AR='ar'
ac_ct_CC='gcc'
ac_ct_CXX='g++'
ac_ct_DUMPBIN=''
am__EXEEXT_FALSE=''
am__EXEEXT_TRUE='#'
am__fastdepCC_FALSE='#'
am__fastdepCC_TRUE=''
am__fastdepCXX_FALSE='#'
am__fastdepCXX_TRUE=''
am__include='include'
am__isrc=' -I$(srcdir)'
am__leading_dot='.'
am__nodep='_no'
am__quote=''
am__tar='$${TAR-tar} chof - "$$tardir"'
am__untar='$${TAR-tar} xf -'
bindir='${exec_prefix}/bin'
build='i686-pc-linux-gnu'
build_alias=''
build_cpu='i686'
build_os='linux-gnu'
build_vendor='pc'
datadir='${datarootdir}'
datarootdir='${prefix}/share'
docdir='${datarootdir}/doc/${PACKAGE_TARNAME}'
dvidir='${docdir}'
exec_prefix='${prefix}'
host='i686-pc-linux-gnu'
host_alias=''
host_cpu='i686'
host_os='linux-gnu'
host_vendor='pc'
htmldir='${docdir}'
includedir='${prefix}/include'
infodir='${datarootdir}/info'
install_sh='${SHELL} /home/monah1744/Projects/20SPS21/rabbit/install-sh'
intltool__v_merge_options_0='-q'
intltool__v_merge_options_='$(intltool__v_merge_options_$(AM_DEFAULT_VERBOSITY))'
libdir='${exec_prefix}/lib'
libexecdir='${exec_prefix}/libexec'
localedir='${datarootdir}/locale'
localstatedir='${prefix}/var'
mandir='${datarootdir}/man'
mkdir_p='$(MKDIR_P)'
oldincludedir='/usr/include'
pdfdir='${docdir}'
prefix='/usr/local'
program_transform_name='s,x,x,'
psdir='${docdir}'
sbindir='${exec_prefix}/sbin'
sharedstatedir='${prefix}/com'
sysconfdir='${prefix}/etc'
target_alias=''

## ----------- ##
## confdefs.h. ##
## ----------- ##

/* confdefs.h */
#define PACKAGE_NAME "rabbit"
#define PACKAGE_TARNAME "rabbit"
#define PACKAGE_VERSION "0.1"
#define PACKAGE_STRING "rabbit 0.1"
#define PACKAGE_BUGREPORT ""
#define PACKAGE_URL ""
#define PACKAGE "rabbit"
#define VERSION "0.1"
#define GETTEXT_PACKAGE "rabbit"
#define STDC_HEADERS 1
#define HAVE_SYS_TYPES_H 1
#define HAVE_SYS_STAT_H 1
#define HAVE_STDLIB_H 1
#define HAVE_STRING_H 1
#define HAVE_MEMORY_H 1
#define HAVE_STRINGS_H 1
#define HAVE_INTTYPES_H 1
#define HAVE_STDINT_H 1
#define HAVE_UNISTD_H 1
#define HAVE_LOCALE_H 1
#define HAVE_LC_MESSAGES 1
#define HAVE_BIND_TEXTDOMAIN_CODESET 1
#define HAVE_GETTEXT 1
#define HAVE_DCGETTEXT 1
#define ENABLE_NLS 1
#define HAVE_DLFCN_H 1
#define LT_OBJDIR ".libs/"

configure: exit 0
